<?xml version="1.0" encoding="UTF-8"?>
<robot generator="Robot 5.0.1 (Python 3.10.7 on win32)" generated="20221227 13:23:40.269" rpa="false" schemaversion="3">
<suite id="s1" name="WasteApp" source="c:\WA\war\WasteApp.robot">
<kw name="Add Needed Image Path" type="SETUP">
<kw name="Add Image Path" library="SikuliLibrary">
<arg>${IMAGE_DIR}</arg>
<doc>Add image path</doc>
<status status="PASS" starttime="20221227 13:23:43.562" endtime="20221227 13:23:43.577"/>
</kw>
<kw name="Log" library="BuiltIn">
<arg>${IMAGE_DIR}</arg>
<doc>Logs the given message with the given level.</doc>
<msg timestamp="20221227 13:23:43.577" level="INFO">C:\Sikuli\WasteApp\img</msg>
<status status="PASS" starttime="20221227 13:23:43.577" endtime="20221227 13:23:43.577"/>
</kw>
<kw name="Set Min Similarity" library="SikuliLibrary">
<arg>0.6</arg>
<doc>Set min similarity (accuracy of matching elements).</doc>
<status status="PASS" starttime="20221227 13:23:43.577" endtime="20221227 13:23:43.580"/>
</kw>
<status status="PASS" starttime="20221227 13:23:43.561" endtime="20221227 13:23:43.580"/>
</kw>
<test id="s1-t1" name="WAworkflow" line="29">
<kw name="startWA" type="SETUP">
<kw name="Exists" library="SikuliLibrary">
<var>${is_10exists}</var>
<arg>shortcutWA10</arg>
<arg>${wait5}</arg>
<doc>Exists</doc>
<msg timestamp="20221227 13:23:44.107" level="INFO">${is_10exists} = True</msg>
<status status="PASS" starttime="20221227 13:23:43.582" endtime="20221227 13:23:44.107"/>
</kw>
<kw name="Exists" library="SikuliLibrary">
<var>${is_7exists}</var>
<arg>shortcutWA7</arg>
<arg>${wait5}</arg>
<doc>Exists</doc>
<msg timestamp="20221227 13:23:49.138" level="INFO">${is_7exists} = False</msg>
<status status="PASS" starttime="20221227 13:23:44.108" endtime="20221227 13:23:49.138"/>
</kw>
<while condition="True" limit="33">
<iter>
<if>
<branch type="IF" condition="${is_10exists}">
<kw name="Wait For Image" library="SikuliLibrary">
<arg>shortcutWA10</arg>
<arg>\</arg>
<arg>${wait10}</arg>
<doc>Wait For Image</doc>
<status status="PASS" starttime="20221227 13:23:49.139" endtime="20221227 13:23:49.391"/>
</kw>
<kw name="Double Click" library="SikuliLibrary">
<arg>shortcutWA10</arg>
<doc>Double click</doc>
<msg timestamp="20221227 13:23:50.684" level="INFO" html="true">&lt;img src='sikuli_captured/sikuliximage-1672176229775.png'/&gt;
[log] DOUBLE CLICK on L[809,585]@S(0) (591 msec)</msg>
<status status="PASS" starttime="20221227 13:23:49.391" endtime="20221227 13:23:50.684"/>
</kw>
<break>
<status status="PASS" starttime="20221227 13:23:50.684" endtime="20221227 13:23:50.684"/>
</break>
<status status="PASS" starttime="20221227 13:23:49.138" endtime="20221227 13:23:50.684"/>
</branch>
<status status="PASS" starttime="20221227 13:23:49.138" endtime="20221227 13:23:50.684"/>
</if>
<if>
<branch type="IF" condition="${is_7exists}">
<kw name="Wait For Image" library="SikuliLibrary">
<arg>shortcutWA7</arg>
<arg>\</arg>
<arg>${wait10}</arg>
<doc>Wait For Image</doc>
<status status="NOT RUN" starttime="20221227 13:23:50.684" endtime="20221227 13:23:50.685"/>
</kw>
<kw name="Double Click" library="SikuliLibrary">
<arg>shortcutWA7</arg>
<doc>Double click</doc>
<status status="NOT RUN" starttime="20221227 13:23:50.685" endtime="20221227 13:23:50.685"/>
</kw>
<break>
<status status="NOT RUN" starttime="20221227 13:23:50.685" endtime="20221227 13:23:50.685"/>
</break>
<status status="NOT RUN" starttime="20221227 13:23:50.684" endtime="20221227 13:23:50.685"/>
</branch>
<status status="NOT RUN" starttime="20221227 13:23:50.684" endtime="20221227 13:23:50.685"/>
</if>
<status status="PASS" starttime="20221227 13:23:49.138" endtime="20221227 13:23:50.685"/>
</iter>
<status status="PASS" starttime="20221227 13:23:49.138" endtime="20221227 13:23:50.685"/>
</while>
<status status="PASS" starttime="20221227 13:23:43.581" endtime="20221227 13:23:50.685"/>
</kw>
<kw name="LogonDriver">
<kw name="Wait For Image" library="SikuliLibrary">
<arg>buttonLogon</arg>
<arg>\</arg>
<arg>${LoadTime}</arg>
<doc>Wait For Image</doc>
<status status="PASS" starttime="20221227 13:23:50.686" endtime="20221227 13:24:27.558"/>
</kw>
<kw name="Click" library="SikuliLibrary">
<arg>buttonLogon</arg>
<doc>Click</doc>
<msg timestamp="20221227 13:24:28.746" level="INFO" html="true">&lt;img src='sikuli_captured/sikuliximage-1672176267894.png'/&gt;
[log] CLICK on L[528,871]@S(0) (540 msec)</msg>
<status status="PASS" starttime="20221227 13:24:27.558" endtime="20221227 13:24:28.746"/>
</kw>
<status status="PASS" starttime="20221227 13:23:50.686" endtime="20221227 13:24:28.746"/>
</kw>
<kw name="selectRoute">
<kw name="Wait For Image" library="SikuliLibrary">
<arg>tagRoute</arg>
<arg>\</arg>
<arg>${wait5}</arg>
<doc>Wait For Image</doc>
<status status="PASS" starttime="20221227 13:24:28.748" endtime="20221227 13:24:30.477"/>
</kw>
<kw name="Click" library="SikuliLibrary">
<arg>tagRoute</arg>
<arg>0</arg>
<arg>25</arg>
<doc>Click</doc>
<msg timestamp="20221227 13:24:31.378" level="INFO" html="true">&lt;img src='sikuli_captured/sikuliximage-1672176270821.png'/&gt;
[log] CLICK on L[588,426]@S(0) (550 msec)</msg>
<status status="PASS" starttime="20221227 13:24:30.478" endtime="20221227 13:24:31.378"/>
</kw>
<kw name="Click" library="SikuliLibrary">
<arg>buttonOK</arg>
<doc>Click</doc>
<msg timestamp="20221227 13:24:32.473" level="INFO" html="true">&lt;img src='sikuli_captured/sikuliximage-1672176271686.png'/&gt;
[log] CLICK on L[878,874]@S(0) (542 msec)</msg>
<status status="PASS" starttime="20221227 13:24:31.378" endtime="20221227 13:24:32.473"/>
</kw>
<status status="PASS" starttime="20221227 13:24:28.748" endtime="20221227 13:24:32.474"/>
</kw>
<kw name="selectCalls">
<kw name="Wait For Image" library="SikuliLibrary">
<arg>buttonCalls</arg>
<arg>\</arg>
<arg>${wait15}</arg>
<doc>Wait For Image</doc>
<status status="PASS" starttime="20221227 13:24:32.477" endtime="20221227 13:24:34.222"/>
</kw>
<kw name="Click" library="SikuliLibrary">
<arg>buttonCalls</arg>
<doc>Click</doc>
<msg timestamp="20221227 13:24:35.310" level="INFO" html="true">&lt;img src='sikuli_captured/sikuliximage-1672176274520.png'/&gt;
[log] CLICK on L[824,372]@S(0) (543 msec)</msg>
<status status="PASS" starttime="20221227 13:24:34.223" endtime="20221227 13:24:35.310"/>
</kw>
<status status="PASS" starttime="20221227 13:24:32.476" endtime="20221227 13:24:35.310"/>
</kw>
<kw name="selectManualConfirm">
<kw name="Wait For Image" library="SikuliLibrary">
<arg>buttonBack</arg>
<arg>\</arg>
<arg>${wait15}</arg>
<doc>Wait For Image</doc>
<status status="PASS" starttime="20221227 13:24:35.313" endtime="20221227 13:24:41.550"/>
</kw>
<kw name="Wait For Image" library="SikuliLibrary">
<arg>Cart</arg>
<arg>\</arg>
<arg>${wait15}</arg>
<doc>Wait For Image</doc>
<status status="PASS" starttime="20221227 13:24:41.550" endtime="20221227 13:24:41.791"/>
</kw>
<kw name="Click" library="SikuliLibrary">
<arg>Cart</arg>
<arg>40</arg>
<arg>60</arg>
<doc>Click</doc>
<msg timestamp="20221227 13:24:42.609" level="INFO" html="true">&lt;img src='sikuli_captured/sikuliximage-1672176282057.png'/&gt;
[log] CLICK on L[900,249]@S(0) (545 msec)</msg>
<status status="PASS" starttime="20221227 13:24:41.791" endtime="20221227 13:24:42.609"/>
</kw>
<status status="PASS" starttime="20221227 13:24:35.312" endtime="20221227 13:24:42.609"/>
</kw>
<kw name="ExecuteStops">
<while condition="True">
<iter>
<kw name="Exists" library="SikuliLibrary">
<var>${existstagWeightKG}</var>
<arg>tagWeightKG</arg>
<arg>${wait5}</arg>
<doc>Exists</doc>
<msg timestamp="20221227 13:24:47.615" level="INFO">[error] ImagePath: find: not there: tagWeightKG.png</msg>
<msg timestamp="20221227 13:24:47.615" level="INFO">${existstagWeightKG} = False</msg>
<status status="PASS" starttime="20221227 13:24:42.610" endtime="20221227 13:24:47.615"/>
</kw>
<if>
<branch type="IF" condition="${existstagWeightKG}==True">
<kw name="Click" library="SikuliLibrary">
<arg>Cart</arg>
<arg>${wegthX}</arg>
<arg>${wegthY}</arg>
<doc>Click</doc>
<status status="NOT RUN" starttime="20221227 13:24:47.615" endtime="20221227 13:24:47.615"/>
</kw>
<kw name="Set Variable" library="BuiltIn">
<var>${existstagWeightKG}</var>
<arg>False</arg>
<doc>Returns the given values which can then be assigned to a variables.</doc>
<status status="NOT RUN" starttime="20221227 13:24:47.615" endtime="20221227 13:24:47.615"/>
</kw>
<continue>
<status status="NOT RUN" starttime="20221227 13:24:47.615" endtime="20221227 13:24:47.615"/>
</continue>
<status status="NOT RUN" starttime="20221227 13:24:47.615" endtime="20221227 13:24:47.615"/>
</branch>
<status status="PASS" starttime="20221227 13:24:47.615" endtime="20221227 13:24:47.615"/>
</if>
<kw name="Exists" library="SikuliLibrary">
<var>${existslabelSIZEselected}</var>
<arg>labelSIZEselected</arg>
<arg>${wait5}</arg>
<doc>Exists</doc>
<msg timestamp="20221227 13:24:47.840" level="INFO">${existslabelSIZEselected} = True</msg>
<status status="PASS" starttime="20221227 13:24:47.615" endtime="20221227 13:24:47.840"/>
</kw>
<if>
<branch type="IF" condition="${existslabelSIZEselected}==True">
<kw name="Click" library="SikuliLibrary">
<arg>Cart</arg>
<arg>${completedX}</arg>
<arg>${completedY}</arg>
<doc>Click</doc>
<msg timestamp="20221227 13:24:48.683" level="INFO" html="true">&lt;img src='sikuli_captured/sikuliximage-1672176288129.png'/&gt;
[log] CLICK on L[610,869]@S(0) (550 msec)</msg>
<status status="PASS" starttime="20221227 13:24:47.841" endtime="20221227 13:24:48.683"/>
</kw>
<kw name="Set Variable" library="BuiltIn">
<var>${existslabelSIZEselected}</var>
<arg>False</arg>
<doc>Returns the given values which can then be assigned to a variables.</doc>
<msg timestamp="20221227 13:24:48.684" level="INFO">${existslabelSIZEselected} = False</msg>
<status status="PASS" starttime="20221227 13:24:48.684" endtime="20221227 13:24:48.684"/>
</kw>
<continue>
<status status="PASS" starttime="20221227 13:24:48.684" endtime="20221227 13:24:48.684"/>
</continue>
<status status="PASS" starttime="20221227 13:24:47.840" endtime="20221227 13:24:48.684"/>
</branch>
<status status="PASS" starttime="20221227 13:24:47.840" endtime="20221227 13:24:48.684"/>
</if>
<break>
<status status="NOT RUN" starttime="20221227 13:24:48.684" endtime="20221227 13:24:48.684"/>
</break>
<status status="PASS" starttime="20221227 13:24:42.610" endtime="20221227 13:24:48.684"/>
</iter>
<iter>
<kw name="Exists" library="SikuliLibrary">
<var>${existstagWeightKG}</var>
<arg>tagWeightKG</arg>
<arg>${wait5}</arg>
<doc>Exists</doc>
<msg timestamp="20221227 13:24:53.690" level="INFO">[error] ImagePath: find: not there: tagWeightKG.png</msg>
<msg timestamp="20221227 13:24:53.690" level="INFO">${existstagWeightKG} = False</msg>
<status status="PASS" starttime="20221227 13:24:48.684" endtime="20221227 13:24:53.690"/>
</kw>
<if>
<branch type="IF" condition="${existstagWeightKG}==True">
<kw name="Click" library="SikuliLibrary">
<arg>Cart</arg>
<arg>${wegthX}</arg>
<arg>${wegthY}</arg>
<doc>Click</doc>
<status status="NOT RUN" starttime="20221227 13:24:53.690" endtime="20221227 13:24:53.690"/>
</kw>
<kw name="Set Variable" library="BuiltIn">
<var>${existstagWeightKG}</var>
<arg>False</arg>
<doc>Returns the given values which can then be assigned to a variables.</doc>
<status status="NOT RUN" starttime="20221227 13:24:53.690" endtime="20221227 13:24:53.690"/>
</kw>
<continue>
<status status="NOT RUN" starttime="20221227 13:24:53.690" endtime="20221227 13:24:53.690"/>
</continue>
<status status="NOT RUN" starttime="20221227 13:24:53.690" endtime="20221227 13:24:53.690"/>
</branch>
<status status="PASS" starttime="20221227 13:24:53.690" endtime="20221227 13:24:53.690"/>
</if>
<kw name="Exists" library="SikuliLibrary">
<var>${existslabelSIZEselected}</var>
<arg>labelSIZEselected</arg>
<arg>${wait5}</arg>
<doc>Exists</doc>
<msg timestamp="20221227 13:24:53.935" level="INFO">${existslabelSIZEselected} = True</msg>
<status status="PASS" starttime="20221227 13:24:53.691" endtime="20221227 13:24:53.935"/>
</kw>
<if>
<branch type="IF" condition="${existslabelSIZEselected}==True">
<kw name="Click" library="SikuliLibrary">
<arg>Cart</arg>
<arg>${completedX}</arg>
<arg>${completedY}</arg>
<doc>Click</doc>
<msg timestamp="20221227 13:24:54.246" level="INFO" html="true">&lt;img src='sikuli_captured/sikuliximage-1672176294195.png'/&gt;
[log] CLICK on L[610,869]@S(0) (46 msec)</msg>
<status status="PASS" starttime="20221227 13:24:53.935" endtime="20221227 13:24:54.246"/>
</kw>
<kw name="Set Variable" library="BuiltIn">
<var>${existslabelSIZEselected}</var>
<arg>False</arg>
<doc>Returns the given values which can then be assigned to a variables.</doc>
<msg timestamp="20221227 13:24:54.246" level="INFO">${existslabelSIZEselected} = False</msg>
<status status="PASS" starttime="20221227 13:24:54.246" endtime="20221227 13:24:54.246"/>
</kw>
<continue>
<status status="PASS" starttime="20221227 13:24:54.246" endtime="20221227 13:24:54.246"/>
</continue>
<status status="PASS" starttime="20221227 13:24:53.935" endtime="20221227 13:24:54.246"/>
</branch>
<status status="PASS" starttime="20221227 13:24:53.935" endtime="20221227 13:24:54.246"/>
</if>
<break>
<status status="NOT RUN" starttime="20221227 13:24:54.247" endtime="20221227 13:24:54.247"/>
</break>
<status status="PASS" starttime="20221227 13:24:48.684" endtime="20221227 13:24:54.247"/>
</iter>
<iter>
<kw name="Exists" library="SikuliLibrary">
<var>${existstagWeightKG}</var>
<arg>tagWeightKG</arg>
<arg>${wait5}</arg>
<doc>Exists</doc>
<msg timestamp="20221227 13:24:59.252" level="INFO">[error] ImagePath: find: not there: tagWeightKG.png</msg>
<msg timestamp="20221227 13:24:59.253" level="INFO">${existstagWeightKG} = False</msg>
<status status="PASS" starttime="20221227 13:24:54.247" endtime="20221227 13:24:59.253"/>
</kw>
<if>
<branch type="IF" condition="${existstagWeightKG}==True">
<kw name="Click" library="SikuliLibrary">
<arg>Cart</arg>
<arg>${wegthX}</arg>
<arg>${wegthY}</arg>
<doc>Click</doc>
<status status="NOT RUN" starttime="20221227 13:24:59.253" endtime="20221227 13:24:59.253"/>
</kw>
<kw name="Set Variable" library="BuiltIn">
<var>${existstagWeightKG}</var>
<arg>False</arg>
<doc>Returns the given values which can then be assigned to a variables.</doc>
<status status="NOT RUN" starttime="20221227 13:24:59.253" endtime="20221227 13:24:59.253"/>
</kw>
<continue>
<status status="NOT RUN" starttime="20221227 13:24:59.253" endtime="20221227 13:24:59.253"/>
</continue>
<status status="NOT RUN" starttime="20221227 13:24:59.253" endtime="20221227 13:24:59.253"/>
</branch>
<status status="PASS" starttime="20221227 13:24:59.253" endtime="20221227 13:24:59.254"/>
</if>
<kw name="Exists" library="SikuliLibrary">
<var>${existslabelSIZEselected}</var>
<arg>labelSIZEselected</arg>
<arg>${wait5}</arg>
<doc>Exists</doc>
<msg timestamp="20221227 13:24:59.481" level="INFO">${existslabelSIZEselected} = True</msg>
<status status="PASS" starttime="20221227 13:24:59.254" endtime="20221227 13:24:59.481"/>
</kw>
<if>
<branch type="IF" condition="${existslabelSIZEselected}==True">
<kw name="Click" library="SikuliLibrary">
<arg>Cart</arg>
<arg>${completedX}</arg>
<arg>${completedY}</arg>
<doc>Click</doc>
<msg timestamp="20221227 13:24:59.786" level="INFO" html="true">&lt;img src='sikuli_captured/sikuliximage-1672176299736.png'/&gt;
[log] CLICK on L[610,869]@S(0) (46 msec)</msg>
<status status="PASS" starttime="20221227 13:24:59.482" endtime="20221227 13:24:59.787"/>
</kw>
<kw name="Set Variable" library="BuiltIn">
<var>${existslabelSIZEselected}</var>
<arg>False</arg>
<doc>Returns the given values which can then be assigned to a variables.</doc>
<msg timestamp="20221227 13:24:59.787" level="INFO">${existslabelSIZEselected} = False</msg>
<status status="PASS" starttime="20221227 13:24:59.787" endtime="20221227 13:24:59.787"/>
</kw>
<continue>
<status status="PASS" starttime="20221227 13:24:59.787" endtime="20221227 13:24:59.787"/>
</continue>
<status status="PASS" starttime="20221227 13:24:59.482" endtime="20221227 13:24:59.787"/>
</branch>
<status status="PASS" starttime="20221227 13:24:59.481" endtime="20221227 13:24:59.787"/>
</if>
<break>
<status status="NOT RUN" starttime="20221227 13:24:59.787" endtime="20221227 13:24:59.787"/>
</break>
<status status="PASS" starttime="20221227 13:24:54.247" endtime="20221227 13:24:59.787"/>
</iter>
<iter>
<kw name="Exists" library="SikuliLibrary">
<var>${existstagWeightKG}</var>
<arg>tagWeightKG</arg>
<arg>${wait5}</arg>
<doc>Exists</doc>
<msg timestamp="20221227 13:25:04.793" level="INFO">[error] ImagePath: find: not there: tagWeightKG.png</msg>
<msg timestamp="20221227 13:25:04.793" level="INFO">${existstagWeightKG} = False</msg>
<status status="PASS" starttime="20221227 13:24:59.788" endtime="20221227 13:25:04.793"/>
</kw>
<if>
<branch type="IF" condition="${existstagWeightKG}==True">
<kw name="Click" library="SikuliLibrary">
<arg>Cart</arg>
<arg>${wegthX}</arg>
<arg>${wegthY}</arg>
<doc>Click</doc>
<status status="NOT RUN" starttime="20221227 13:25:04.793" endtime="20221227 13:25:04.793"/>
</kw>
<kw name="Set Variable" library="BuiltIn">
<var>${existstagWeightKG}</var>
<arg>False</arg>
<doc>Returns the given values which can then be assigned to a variables.</doc>
<status status="NOT RUN" starttime="20221227 13:25:04.793" endtime="20221227 13:25:04.793"/>
</kw>
<continue>
<status status="NOT RUN" starttime="20221227 13:25:04.793" endtime="20221227 13:25:04.793"/>
</continue>
<status status="NOT RUN" starttime="20221227 13:25:04.793" endtime="20221227 13:25:04.793"/>
</branch>
<status status="PASS" starttime="20221227 13:25:04.793" endtime="20221227 13:25:04.793"/>
</if>
<kw name="Exists" library="SikuliLibrary">
<var>${existslabelSIZEselected}</var>
<arg>labelSIZEselected</arg>
<arg>${wait5}</arg>
<doc>Exists</doc>
<msg timestamp="20221227 13:25:05.023" level="INFO">${existslabelSIZEselected} = True</msg>
<status status="PASS" starttime="20221227 13:25:04.793" endtime="20221227 13:25:05.023"/>
</kw>
<if>
<branch type="IF" condition="${existslabelSIZEselected}==True">
<kw name="Click" library="SikuliLibrary">
<arg>Cart</arg>
<arg>${completedX}</arg>
<arg>${completedY}</arg>
<doc>Click</doc>
<msg timestamp="20221227 13:25:05.395" level="INFO" html="true">&lt;img src='sikuli_captured/sikuliximage-1672176305333.png'/&gt;
[log] CLICK on L[610,869]@S(0) (51 msec)</msg>
<status status="PASS" starttime="20221227 13:25:05.023" endtime="20221227 13:25:05.395"/>
</kw>
<kw name="Set Variable" library="BuiltIn">
<var>${existslabelSIZEselected}</var>
<arg>False</arg>
<doc>Returns the given values which can then be assigned to a variables.</doc>
<msg timestamp="20221227 13:25:05.396" level="INFO">${existslabelSIZEselected} = False</msg>
<status status="PASS" starttime="20221227 13:25:05.395" endtime="20221227 13:25:05.396"/>
</kw>
<continue>
<status status="PASS" starttime="20221227 13:25:05.396" endtime="20221227 13:25:05.396"/>
</continue>
<status status="PASS" starttime="20221227 13:25:05.023" endtime="20221227 13:25:05.396"/>
</branch>
<status status="PASS" starttime="20221227 13:25:05.023" endtime="20221227 13:25:05.396"/>
</if>
<break>
<status status="NOT RUN" starttime="20221227 13:25:05.396" endtime="20221227 13:25:05.396"/>
</break>
<status status="PASS" starttime="20221227 13:24:59.787" endtime="20221227 13:25:05.396"/>
</iter>
<iter>
<kw name="Exists" library="SikuliLibrary">
<var>${existstagWeightKG}</var>
<arg>tagWeightKG</arg>
<arg>${wait5}</arg>
<doc>Exists</doc>
<msg timestamp="20221227 13:25:10.401" level="INFO">[error] ImagePath: find: not there: tagWeightKG.png</msg>
<msg timestamp="20221227 13:25:10.403" level="INFO">${existstagWeightKG} = False</msg>
<status status="PASS" starttime="20221227 13:25:05.396" endtime="20221227 13:25:10.403"/>
</kw>
<if>
<branch type="IF" condition="${existstagWeightKG}==True">
<kw name="Click" library="SikuliLibrary">
<arg>Cart</arg>
<arg>${wegthX}</arg>
<arg>${wegthY}</arg>
<doc>Click</doc>
<status status="NOT RUN" starttime="20221227 13:25:10.403" endtime="20221227 13:25:10.403"/>
</kw>
<kw name="Set Variable" library="BuiltIn">
<var>${existstagWeightKG}</var>
<arg>False</arg>
<doc>Returns the given values which can then be assigned to a variables.</doc>
<status status="NOT RUN" starttime="20221227 13:25:10.403" endtime="20221227 13:25:10.403"/>
</kw>
<continue>
<status status="NOT RUN" starttime="20221227 13:25:10.403" endtime="20221227 13:25:10.403"/>
</continue>
<status status="NOT RUN" starttime="20221227 13:25:10.403" endtime="20221227 13:25:10.403"/>
</branch>
<status status="PASS" starttime="20221227 13:25:10.403" endtime="20221227 13:25:10.403"/>
</if>
<kw name="Exists" library="SikuliLibrary">
<var>${existslabelSIZEselected}</var>
<arg>labelSIZEselected</arg>
<arg>${wait5}</arg>
<doc>Exists</doc>
<msg timestamp="20221227 13:25:10.703" level="INFO">${existslabelSIZEselected} = True</msg>
<status status="PASS" starttime="20221227 13:25:10.404" endtime="20221227 13:25:10.703"/>
</kw>
<if>
<branch type="IF" condition="${existslabelSIZEselected}==True">
<kw name="Click" library="SikuliLibrary">
<arg>Cart</arg>
<arg>${completedX}</arg>
<arg>${completedY}</arg>
<doc>Click</doc>
<msg timestamp="20221227 13:25:11.607" level="INFO" html="true">&lt;img src='sikuli_captured/sikuliximage-1672176311060.png'/&gt;
[log] CLICK on L[610,869]@S(0) (538 msec)</msg>
<status status="PASS" starttime="20221227 13:25:10.704" endtime="20221227 13:25:11.607"/>
</kw>
<kw name="Set Variable" library="BuiltIn">
<var>${existslabelSIZEselected}</var>
<arg>False</arg>
<doc>Returns the given values which can then be assigned to a variables.</doc>
<msg timestamp="20221227 13:25:11.608" level="INFO">${existslabelSIZEselected} = False</msg>
<status status="PASS" starttime="20221227 13:25:11.607" endtime="20221227 13:25:11.608"/>
</kw>
<continue>
<status status="PASS" starttime="20221227 13:25:11.608" endtime="20221227 13:25:11.608"/>
</continue>
<status status="PASS" starttime="20221227 13:25:10.704" endtime="20221227 13:25:11.608"/>
</branch>
<status status="PASS" starttime="20221227 13:25:10.703" endtime="20221227 13:25:11.608"/>
</if>
<break>
<status status="NOT RUN" starttime="20221227 13:25:11.608" endtime="20221227 13:25:11.608"/>
</break>
<status status="PASS" starttime="20221227 13:25:05.396" endtime="20221227 13:25:11.608"/>
</iter>
<iter>
<kw name="Exists" library="SikuliLibrary">
<var>${existstagWeightKG}</var>
<arg>tagWeightKG</arg>
<arg>${wait5}</arg>
<doc>Exists</doc>
<msg timestamp="20221227 13:25:16.614" level="INFO">[error] ImagePath: find: not there: tagWeightKG.png</msg>
<msg timestamp="20221227 13:25:16.614" level="INFO">${existstagWeightKG} = False</msg>
<status status="PASS" starttime="20221227 13:25:11.608" endtime="20221227 13:25:16.614"/>
</kw>
<if>
<branch type="IF" condition="${existstagWeightKG}==True">
<kw name="Click" library="SikuliLibrary">
<arg>Cart</arg>
<arg>${wegthX}</arg>
<arg>${wegthY}</arg>
<doc>Click</doc>
<status status="NOT RUN" starttime="20221227 13:25:16.614" endtime="20221227 13:25:16.614"/>
</kw>
<kw name="Set Variable" library="BuiltIn">
<var>${existstagWeightKG}</var>
<arg>False</arg>
<doc>Returns the given values which can then be assigned to a variables.</doc>
<status status="NOT RUN" starttime="20221227 13:25:16.614" endtime="20221227 13:25:16.614"/>
</kw>
<continue>
<status status="NOT RUN" starttime="20221227 13:25:16.614" endtime="20221227 13:25:16.614"/>
</continue>
<status status="NOT RUN" starttime="20221227 13:25:16.614" endtime="20221227 13:25:16.614"/>
</branch>
<status status="PASS" starttime="20221227 13:25:16.614" endtime="20221227 13:25:16.614"/>
</if>
<kw name="Exists" library="SikuliLibrary">
<var>${existslabelSIZEselected}</var>
<arg>labelSIZEselected</arg>
<arg>${wait5}</arg>
<doc>Exists</doc>
<msg timestamp="20221227 13:25:16.858" level="INFO">${existslabelSIZEselected} = True</msg>
<status status="PASS" starttime="20221227 13:25:16.615" endtime="20221227 13:25:16.858"/>
</kw>
<if>
<branch type="IF" condition="${existslabelSIZEselected}==True">
<kw name="Click" library="SikuliLibrary">
<arg>Cart</arg>
<arg>${completedX}</arg>
<arg>${completedY}</arg>
<doc>Click</doc>
<msg timestamp="20221227 13:25:17.682" level="INFO" html="true">&lt;img src='sikuli_captured/sikuliximage-1672176317131.png'/&gt;
[log] CLICK on L[610,869]@S(0) (547 msec)</msg>
<status status="PASS" starttime="20221227 13:25:16.858" endtime="20221227 13:25:17.683"/>
</kw>
<kw name="Set Variable" library="BuiltIn">
<var>${existslabelSIZEselected}</var>
<arg>False</arg>
<doc>Returns the given values which can then be assigned to a variables.</doc>
<msg timestamp="20221227 13:25:17.683" level="INFO">${existslabelSIZEselected} = False</msg>
<status status="PASS" starttime="20221227 13:25:17.683" endtime="20221227 13:25:17.683"/>
</kw>
<continue>
<status status="PASS" starttime="20221227 13:25:17.683" endtime="20221227 13:25:17.683"/>
</continue>
<status status="PASS" starttime="20221227 13:25:16.858" endtime="20221227 13:25:17.683"/>
</branch>
<status status="PASS" starttime="20221227 13:25:16.858" endtime="20221227 13:25:17.683"/>
</if>
<break>
<status status="NOT RUN" starttime="20221227 13:25:17.683" endtime="20221227 13:25:17.683"/>
</break>
<status status="PASS" starttime="20221227 13:25:11.608" endtime="20221227 13:25:17.683"/>
</iter>
<iter>
<kw name="Exists" library="SikuliLibrary">
<var>${existstagWeightKG}</var>
<arg>tagWeightKG</arg>
<arg>${wait5}</arg>
<doc>Exists</doc>
<msg timestamp="20221227 13:25:23.020" level="INFO">[error] ImagePath: find: not there: tagWeightKG.png</msg>
<msg timestamp="20221227 13:25:23.020" level="INFO">${existstagWeightKG} = False</msg>
<status status="PASS" starttime="20221227 13:25:17.683" endtime="20221227 13:25:23.020"/>
</kw>
<if>
<branch type="IF" condition="${existstagWeightKG}==True">
<kw name="Click" library="SikuliLibrary">
<arg>Cart</arg>
<arg>${wegthX}</arg>
<arg>${wegthY}</arg>
<doc>Click</doc>
<status status="NOT RUN" starttime="20221227 13:25:23.021" endtime="20221227 13:25:23.021"/>
</kw>
<kw name="Set Variable" library="BuiltIn">
<var>${existstagWeightKG}</var>
<arg>False</arg>
<doc>Returns the given values which can then be assigned to a variables.</doc>
<status status="NOT RUN" starttime="20221227 13:25:23.021" endtime="20221227 13:25:23.021"/>
</kw>
<continue>
<status status="NOT RUN" starttime="20221227 13:25:23.021" endtime="20221227 13:25:23.021"/>
</continue>
<status status="NOT RUN" starttime="20221227 13:25:23.021" endtime="20221227 13:25:23.021"/>
</branch>
<status status="PASS" starttime="20221227 13:25:23.020" endtime="20221227 13:25:23.021"/>
</if>
<kw name="Exists" library="SikuliLibrary">
<var>${existslabelSIZEselected}</var>
<arg>labelSIZEselected</arg>
<arg>${wait5}</arg>
<doc>Exists</doc>
<msg timestamp="20221227 13:25:23.339" level="INFO">${existslabelSIZEselected} = True</msg>
<status status="PASS" starttime="20221227 13:25:23.021" endtime="20221227 13:25:23.339"/>
</kw>
<if>
<branch type="IF" condition="${existslabelSIZEselected}==True">
<kw name="Click" library="SikuliLibrary">
<arg>Cart</arg>
<arg>${completedX}</arg>
<arg>${completedY}</arg>
<doc>Click</doc>
<msg timestamp="20221227 13:25:24.201" level="INFO" html="true">&lt;img src='sikuli_captured/sikuliximage-1672176323650.png'/&gt;
[log] CLICK on L[610,869]@S(0) (547 msec)</msg>
<status status="PASS" starttime="20221227 13:25:23.339" endtime="20221227 13:25:24.201"/>
</kw>
<kw name="Set Variable" library="BuiltIn">
<var>${existslabelSIZEselected}</var>
<arg>False</arg>
<doc>Returns the given values which can then be assigned to a variables.</doc>
<msg timestamp="20221227 13:25:24.201" level="INFO">${existslabelSIZEselected} = False</msg>
<status status="PASS" starttime="20221227 13:25:24.201" endtime="20221227 13:25:24.201"/>
</kw>
<continue>
<status status="PASS" starttime="20221227 13:25:24.201" endtime="20221227 13:25:24.202"/>
</continue>
<status status="PASS" starttime="20221227 13:25:23.339" endtime="20221227 13:25:24.202"/>
</branch>
<status status="PASS" starttime="20221227 13:25:23.339" endtime="20221227 13:25:24.202"/>
</if>
<break>
<status status="NOT RUN" starttime="20221227 13:25:24.202" endtime="20221227 13:25:24.202"/>
</break>
<status status="PASS" starttime="20221227 13:25:17.683" endtime="20221227 13:25:24.202"/>
</iter>
<iter>
<kw name="Exists" library="SikuliLibrary">
<var>${existstagWeightKG}</var>
<arg>tagWeightKG</arg>
<arg>${wait5}</arg>
<doc>Exists</doc>
<msg timestamp="20221227 13:25:29.208" level="INFO">[error] ImagePath: find: not there: tagWeightKG.png</msg>
<msg timestamp="20221227 13:25:29.209" level="INFO">${existstagWeightKG} = False</msg>
<status status="PASS" starttime="20221227 13:25:24.202" endtime="20221227 13:25:29.209"/>
</kw>
<if>
<branch type="IF" condition="${existstagWeightKG}==True">
<kw name="Click" library="SikuliLibrary">
<arg>Cart</arg>
<arg>${wegthX}</arg>
<arg>${wegthY}</arg>
<doc>Click</doc>
<status status="NOT RUN" starttime="20221227 13:25:29.209" endtime="20221227 13:25:29.209"/>
</kw>
<kw name="Set Variable" library="BuiltIn">
<var>${existstagWeightKG}</var>
<arg>False</arg>
<doc>Returns the given values which can then be assigned to a variables.</doc>
<status status="NOT RUN" starttime="20221227 13:25:29.209" endtime="20221227 13:25:29.209"/>
</kw>
<continue>
<status status="NOT RUN" starttime="20221227 13:25:29.209" endtime="20221227 13:25:29.209"/>
</continue>
<status status="NOT RUN" starttime="20221227 13:25:29.209" endtime="20221227 13:25:29.209"/>
</branch>
<status status="PASS" starttime="20221227 13:25:29.209" endtime="20221227 13:25:29.209"/>
</if>
<kw name="Exists" library="SikuliLibrary">
<var>${existslabelSIZEselected}</var>
<arg>labelSIZEselected</arg>
<arg>${wait5}</arg>
<doc>Exists</doc>
<msg timestamp="20221227 13:25:29.533" level="INFO">${existslabelSIZEselected} = True</msg>
<status status="PASS" starttime="20221227 13:25:29.209" endtime="20221227 13:25:29.533"/>
</kw>
<if>
<branch type="IF" condition="${existslabelSIZEselected}==True">
<kw name="Click" library="SikuliLibrary">
<arg>Cart</arg>
<arg>${completedX}</arg>
<arg>${completedY}</arg>
<doc>Click</doc>
<msg timestamp="20221227 13:25:30.459" level="INFO" html="true">&lt;img src='sikuli_captured/sikuliximage-1672176329905.png'/&gt;
[log] CLICK on L[610,869]@S(0) (549 msec)</msg>
<status status="PASS" starttime="20221227 13:25:29.534" endtime="20221227 13:25:30.460"/>
</kw>
<kw name="Set Variable" library="BuiltIn">
<var>${existslabelSIZEselected}</var>
<arg>False</arg>
<doc>Returns the given values which can then be assigned to a variables.</doc>
<msg timestamp="20221227 13:25:30.460" level="INFO">${existslabelSIZEselected} = False</msg>
<status status="PASS" starttime="20221227 13:25:30.460" endtime="20221227 13:25:30.460"/>
</kw>
<continue>
<status status="PASS" starttime="20221227 13:25:30.460" endtime="20221227 13:25:30.460"/>
</continue>
<status status="PASS" starttime="20221227 13:25:29.533" endtime="20221227 13:25:30.460"/>
</branch>
<status status="PASS" starttime="20221227 13:25:29.533" endtime="20221227 13:25:30.460"/>
</if>
<break>
<status status="NOT RUN" starttime="20221227 13:25:30.460" endtime="20221227 13:25:30.461"/>
</break>
<status status="PASS" starttime="20221227 13:25:24.202" endtime="20221227 13:25:30.461"/>
</iter>
<iter>
<kw name="Exists" library="SikuliLibrary">
<var>${existstagWeightKG}</var>
<arg>tagWeightKG</arg>
<arg>${wait5}</arg>
<doc>Exists</doc>
<msg timestamp="20221227 13:25:35.465" level="INFO">[error] ImagePath: find: not there: tagWeightKG.png</msg>
<msg timestamp="20221227 13:25:35.465" level="INFO">${existstagWeightKG} = False</msg>
<status status="PASS" starttime="20221227 13:25:30.461" endtime="20221227 13:25:35.465"/>
</kw>
<if>
<branch type="IF" condition="${existstagWeightKG}==True">
<kw name="Click" library="SikuliLibrary">
<arg>Cart</arg>
<arg>${wegthX}</arg>
<arg>${wegthY}</arg>
<doc>Click</doc>
<status status="NOT RUN" starttime="20221227 13:25:35.465" endtime="20221227 13:25:35.465"/>
</kw>
<kw name="Set Variable" library="BuiltIn">
<var>${existstagWeightKG}</var>
<arg>False</arg>
<doc>Returns the given values which can then be assigned to a variables.</doc>
<status status="NOT RUN" starttime="20221227 13:25:35.465" endtime="20221227 13:25:35.465"/>
</kw>
<continue>
<status status="NOT RUN" starttime="20221227 13:25:35.465" endtime="20221227 13:25:35.465"/>
</continue>
<status status="NOT RUN" starttime="20221227 13:25:35.465" endtime="20221227 13:25:35.465"/>
</branch>
<status status="PASS" starttime="20221227 13:25:35.465" endtime="20221227 13:25:35.466"/>
</if>
<kw name="Exists" library="SikuliLibrary">
<var>${existslabelSIZEselected}</var>
<arg>labelSIZEselected</arg>
<arg>${wait5}</arg>
<doc>Exists</doc>
<msg timestamp="20221227 13:25:35.743" level="INFO">${existslabelSIZEselected} = True</msg>
<status status="PASS" starttime="20221227 13:25:35.466" endtime="20221227 13:25:35.744"/>
</kw>
<if>
<branch type="IF" condition="${existslabelSIZEselected}==True">
<kw name="Click" library="SikuliLibrary">
<arg>Cart</arg>
<arg>${completedX}</arg>
<arg>${completedY}</arg>
<doc>Click</doc>
<msg timestamp="20221227 13:25:36.626" level="INFO" html="true">&lt;img src='sikuli_captured/sikuliximage-1672176336067.png'/&gt;
[log] CLICK on L[610,869]@S(0) (548 msec)</msg>
<status status="PASS" starttime="20221227 13:25:35.744" endtime="20221227 13:25:36.626"/>
</kw>
<kw name="Set Variable" library="BuiltIn">
<var>${existslabelSIZEselected}</var>
<arg>False</arg>
<doc>Returns the given values which can then be assigned to a variables.</doc>
<msg timestamp="20221227 13:25:36.627" level="INFO">${existslabelSIZEselected} = False</msg>
<status status="PASS" starttime="20221227 13:25:36.627" endtime="20221227 13:25:36.627"/>
</kw>
<continue>
<status status="PASS" starttime="20221227 13:25:36.627" endtime="20221227 13:25:36.627"/>
</continue>
<status status="PASS" starttime="20221227 13:25:35.744" endtime="20221227 13:25:36.627"/>
</branch>
<status status="PASS" starttime="20221227 13:25:35.744" endtime="20221227 13:25:36.627"/>
</if>
<break>
<status status="NOT RUN" starttime="20221227 13:25:36.627" endtime="20221227 13:25:36.627"/>
</break>
<status status="PASS" starttime="20221227 13:25:30.461" endtime="20221227 13:25:36.627"/>
</iter>
<iter>
<kw name="Exists" library="SikuliLibrary">
<var>${existstagWeightKG}</var>
<arg>tagWeightKG</arg>
<arg>${wait5}</arg>
<doc>Exists</doc>
<msg timestamp="20221227 13:25:41.634" level="INFO">[error] ImagePath: find: not there: tagWeightKG.png</msg>
<msg timestamp="20221227 13:25:41.635" level="INFO">${existstagWeightKG} = False</msg>
<status status="PASS" starttime="20221227 13:25:36.627" endtime="20221227 13:25:41.635"/>
</kw>
<if>
<branch type="IF" condition="${existstagWeightKG}==True">
<kw name="Click" library="SikuliLibrary">
<arg>Cart</arg>
<arg>${wegthX}</arg>
<arg>${wegthY}</arg>
<doc>Click</doc>
<status status="NOT RUN" starttime="20221227 13:25:41.636" endtime="20221227 13:25:41.636"/>
</kw>
<kw name="Set Variable" library="BuiltIn">
<var>${existstagWeightKG}</var>
<arg>False</arg>
<doc>Returns the given values which can then be assigned to a variables.</doc>
<status status="NOT RUN" starttime="20221227 13:25:41.636" endtime="20221227 13:25:41.637"/>
</kw>
<continue>
<status status="NOT RUN" starttime="20221227 13:25:41.637" endtime="20221227 13:25:41.637"/>
</continue>
<status status="NOT RUN" starttime="20221227 13:25:41.636" endtime="20221227 13:25:41.637"/>
</branch>
<status status="PASS" starttime="20221227 13:25:41.635" endtime="20221227 13:25:41.637"/>
</if>
<kw name="Exists" library="SikuliLibrary">
<var>${existslabelSIZEselected}</var>
<arg>labelSIZEselected</arg>
<arg>${wait5}</arg>
<doc>Exists</doc>
<msg timestamp="20221227 13:25:41.900" level="INFO">${existslabelSIZEselected} = True</msg>
<status status="PASS" starttime="20221227 13:25:41.637" endtime="20221227 13:25:41.900"/>
</kw>
<if>
<branch type="IF" condition="${existslabelSIZEselected}==True">
<kw name="Click" library="SikuliLibrary">
<arg>Cart</arg>
<arg>${completedX}</arg>
<arg>${completedY}</arg>
<doc>Click</doc>
<msg timestamp="20221227 13:25:42.720" level="INFO" html="true">&lt;img src='sikuli_captured/sikuliximage-1672176342166.png'/&gt;
[log] CLICK on L[610,869]@S(0) (549 msec)</msg>
<status status="PASS" starttime="20221227 13:25:41.900" endtime="20221227 13:25:42.720"/>
</kw>
<kw name="Set Variable" library="BuiltIn">
<var>${existslabelSIZEselected}</var>
<arg>False</arg>
<doc>Returns the given values which can then be assigned to a variables.</doc>
<msg timestamp="20221227 13:25:42.721" level="INFO">${existslabelSIZEselected} = False</msg>
<status status="PASS" starttime="20221227 13:25:42.720" endtime="20221227 13:25:42.721"/>
</kw>
<continue>
<status status="PASS" starttime="20221227 13:25:42.721" endtime="20221227 13:25:42.721"/>
</continue>
<status status="PASS" starttime="20221227 13:25:41.900" endtime="20221227 13:25:42.721"/>
</branch>
<status status="PASS" starttime="20221227 13:25:41.900" endtime="20221227 13:25:42.721"/>
</if>
<break>
<status status="NOT RUN" starttime="20221227 13:25:42.721" endtime="20221227 13:25:42.721"/>
</break>
<status status="PASS" starttime="20221227 13:25:36.627" endtime="20221227 13:25:42.721"/>
</iter>
<iter>
<kw name="Exists" library="SikuliLibrary">
<var>${existstagWeightKG}</var>
<arg>tagWeightKG</arg>
<arg>${wait5}</arg>
<doc>Exists</doc>
<msg timestamp="20221227 13:25:47.729" level="INFO">[error] ImagePath: find: not there: tagWeightKG.png</msg>
<msg timestamp="20221227 13:25:47.729" level="INFO">${existstagWeightKG} = False</msg>
<status status="PASS" starttime="20221227 13:25:42.721" endtime="20221227 13:25:47.729"/>
</kw>
<if>
<branch type="IF" condition="${existstagWeightKG}==True">
<kw name="Click" library="SikuliLibrary">
<arg>Cart</arg>
<arg>${wegthX}</arg>
<arg>${wegthY}</arg>
<doc>Click</doc>
<status status="NOT RUN" starttime="20221227 13:25:47.729" endtime="20221227 13:25:47.729"/>
</kw>
<kw name="Set Variable" library="BuiltIn">
<var>${existstagWeightKG}</var>
<arg>False</arg>
<doc>Returns the given values which can then be assigned to a variables.</doc>
<status status="NOT RUN" starttime="20221227 13:25:47.729" endtime="20221227 13:25:47.729"/>
</kw>
<continue>
<status status="NOT RUN" starttime="20221227 13:25:47.730" endtime="20221227 13:25:47.730"/>
</continue>
<status status="NOT RUN" starttime="20221227 13:25:47.729" endtime="20221227 13:25:47.730"/>
</branch>
<status status="PASS" starttime="20221227 13:25:47.729" endtime="20221227 13:25:47.730"/>
</if>
<kw name="Exists" library="SikuliLibrary">
<var>${existslabelSIZEselected}</var>
<arg>labelSIZEselected</arg>
<arg>${wait5}</arg>
<doc>Exists</doc>
<msg timestamp="20221227 13:25:47.965" level="INFO">${existslabelSIZEselected} = True</msg>
<status status="PASS" starttime="20221227 13:25:47.730" endtime="20221227 13:25:47.965"/>
</kw>
<if>
<branch type="IF" condition="${existslabelSIZEselected}==True">
<kw name="Click" library="SikuliLibrary">
<arg>Cart</arg>
<arg>${completedX}</arg>
<arg>${completedY}</arg>
<doc>Click</doc>
<msg timestamp="20221227 13:25:48.314" level="INFO" html="true">&lt;img src='sikuli_captured/sikuliximage-1672176348265.png'/&gt;
[log] CLICK on L[610,869]@S(0) (44 msec)</msg>
<status status="PASS" starttime="20221227 13:25:47.966" endtime="20221227 13:25:48.314"/>
</kw>
<kw name="Set Variable" library="BuiltIn">
<var>${existslabelSIZEselected}</var>
<arg>False</arg>
<doc>Returns the given values which can then be assigned to a variables.</doc>
<msg timestamp="20221227 13:25:48.315" level="INFO">${existslabelSIZEselected} = False</msg>
<status status="PASS" starttime="20221227 13:25:48.314" endtime="20221227 13:25:48.315"/>
</kw>
<continue>
<status status="PASS" starttime="20221227 13:25:48.315" endtime="20221227 13:25:48.315"/>
</continue>
<status status="PASS" starttime="20221227 13:25:47.965" endtime="20221227 13:25:48.315"/>
</branch>
<status status="PASS" starttime="20221227 13:25:47.965" endtime="20221227 13:25:48.315"/>
</if>
<break>
<status status="NOT RUN" starttime="20221227 13:25:48.315" endtime="20221227 13:25:48.315"/>
</break>
<status status="PASS" starttime="20221227 13:25:42.721" endtime="20221227 13:25:48.315"/>
</iter>
<iter>
<kw name="Exists" library="SikuliLibrary">
<var>${existstagWeightKG}</var>
<arg>tagWeightKG</arg>
<arg>${wait5}</arg>
<doc>Exists</doc>
<msg timestamp="20221227 13:25:53.319" level="INFO">[error] ImagePath: find: not there: tagWeightKG.png</msg>
<msg timestamp="20221227 13:25:53.320" level="INFO">${existstagWeightKG} = False</msg>
<status status="PASS" starttime="20221227 13:25:48.315" endtime="20221227 13:25:53.320"/>
</kw>
<if>
<branch type="IF" condition="${existstagWeightKG}==True">
<kw name="Click" library="SikuliLibrary">
<arg>Cart</arg>
<arg>${wegthX}</arg>
<arg>${wegthY}</arg>
<doc>Click</doc>
<status status="NOT RUN" starttime="20221227 13:25:53.320" endtime="20221227 13:25:53.320"/>
</kw>
<kw name="Set Variable" library="BuiltIn">
<var>${existstagWeightKG}</var>
<arg>False</arg>
<doc>Returns the given values which can then be assigned to a variables.</doc>
<status status="NOT RUN" starttime="20221227 13:25:53.320" endtime="20221227 13:25:53.320"/>
</kw>
<continue>
<status status="NOT RUN" starttime="20221227 13:25:53.320" endtime="20221227 13:25:53.320"/>
</continue>
<status status="NOT RUN" starttime="20221227 13:25:53.320" endtime="20221227 13:25:53.320"/>
</branch>
<status status="PASS" starttime="20221227 13:25:53.320" endtime="20221227 13:25:53.320"/>
</if>
<kw name="Exists" library="SikuliLibrary">
<var>${existslabelSIZEselected}</var>
<arg>labelSIZEselected</arg>
<arg>${wait5}</arg>
<doc>Exists</doc>
<msg timestamp="20221227 13:25:53.562" level="INFO">${existslabelSIZEselected} = True</msg>
<status status="PASS" starttime="20221227 13:25:53.320" endtime="20221227 13:25:53.562"/>
</kw>
<if>
<branch type="IF" condition="${existslabelSIZEselected}==True">
<kw name="Click" library="SikuliLibrary">
<arg>Cart</arg>
<arg>${completedX}</arg>
<arg>${completedY}</arg>
<doc>Click</doc>
<msg timestamp="20221227 13:25:53.884" level="INFO" html="true">&lt;img src='sikuli_captured/sikuliximage-1672176353819.png'/&gt;
[log] CLICK on L[610,869]@S(0) (59 msec)</msg>
<status status="PASS" starttime="20221227 13:25:53.562" endtime="20221227 13:25:53.884"/>
</kw>
<kw name="Set Variable" library="BuiltIn">
<var>${existslabelSIZEselected}</var>
<arg>False</arg>
<doc>Returns the given values which can then be assigned to a variables.</doc>
<msg timestamp="20221227 13:25:53.884" level="INFO">${existslabelSIZEselected} = False</msg>
<status status="PASS" starttime="20221227 13:25:53.884" endtime="20221227 13:25:53.884"/>
</kw>
<continue>
<status status="PASS" starttime="20221227 13:25:53.884" endtime="20221227 13:25:53.885"/>
</continue>
<status status="PASS" starttime="20221227 13:25:53.562" endtime="20221227 13:25:53.885"/>
</branch>
<status status="PASS" starttime="20221227 13:25:53.562" endtime="20221227 13:25:53.885"/>
</if>
<break>
<status status="NOT RUN" starttime="20221227 13:25:53.885" endtime="20221227 13:25:53.885"/>
</break>
<status status="PASS" starttime="20221227 13:25:48.315" endtime="20221227 13:25:53.885"/>
</iter>
<iter>
<kw name="Exists" library="SikuliLibrary">
<var>${existstagWeightKG}</var>
<arg>tagWeightKG</arg>
<arg>${wait5}</arg>
<doc>Exists</doc>
<msg timestamp="20221227 13:25:58.889" level="INFO">[error] ImagePath: find: not there: tagWeightKG.png</msg>
<msg timestamp="20221227 13:25:58.889" level="INFO">${existstagWeightKG} = False</msg>
<status status="PASS" starttime="20221227 13:25:53.885" endtime="20221227 13:25:58.890"/>
</kw>
<if>
<branch type="IF" condition="${existstagWeightKG}==True">
<kw name="Click" library="SikuliLibrary">
<arg>Cart</arg>
<arg>${wegthX}</arg>
<arg>${wegthY}</arg>
<doc>Click</doc>
<status status="NOT RUN" starttime="20221227 13:25:58.890" endtime="20221227 13:25:58.890"/>
</kw>
<kw name="Set Variable" library="BuiltIn">
<var>${existstagWeightKG}</var>
<arg>False</arg>
<doc>Returns the given values which can then be assigned to a variables.</doc>
<status status="NOT RUN" starttime="20221227 13:25:58.890" endtime="20221227 13:25:58.890"/>
</kw>
<continue>
<status status="NOT RUN" starttime="20221227 13:25:58.890" endtime="20221227 13:25:58.890"/>
</continue>
<status status="NOT RUN" starttime="20221227 13:25:58.890" endtime="20221227 13:25:58.891"/>
</branch>
<status status="PASS" starttime="20221227 13:25:58.890" endtime="20221227 13:25:58.891"/>
</if>
<kw name="Exists" library="SikuliLibrary">
<var>${existslabelSIZEselected}</var>
<arg>labelSIZEselected</arg>
<arg>${wait5}</arg>
<doc>Exists</doc>
<msg timestamp="20221227 13:25:59.135" level="INFO">${existslabelSIZEselected} = True</msg>
<status status="PASS" starttime="20221227 13:25:58.891" endtime="20221227 13:25:59.135"/>
</kw>
<if>
<branch type="IF" condition="${existslabelSIZEselected}==True">
<kw name="Click" library="SikuliLibrary">
<arg>Cart</arg>
<arg>${completedX}</arg>
<arg>${completedY}</arg>
<doc>Click</doc>
<msg timestamp="20221227 13:25:59.438" level="INFO" html="true">&lt;img src='sikuli_captured/sikuliximage-1672176359387.png'/&gt;
[log] CLICK on L[610,869]@S(0) (44 msec)</msg>
<status status="PASS" starttime="20221227 13:25:59.136" endtime="20221227 13:25:59.438"/>
</kw>
<kw name="Set Variable" library="BuiltIn">
<var>${existslabelSIZEselected}</var>
<arg>False</arg>
<doc>Returns the given values which can then be assigned to a variables.</doc>
<msg timestamp="20221227 13:25:59.438" level="INFO">${existslabelSIZEselected} = False</msg>
<status status="PASS" starttime="20221227 13:25:59.438" endtime="20221227 13:25:59.439"/>
</kw>
<continue>
<status status="PASS" starttime="20221227 13:25:59.439" endtime="20221227 13:25:59.439"/>
</continue>
<status status="PASS" starttime="20221227 13:25:59.135" endtime="20221227 13:25:59.439"/>
</branch>
<status status="PASS" starttime="20221227 13:25:59.135" endtime="20221227 13:25:59.439"/>
</if>
<break>
<status status="NOT RUN" starttime="20221227 13:25:59.439" endtime="20221227 13:25:59.439"/>
</break>
<status status="PASS" starttime="20221227 13:25:53.885" endtime="20221227 13:25:59.439"/>
</iter>
<iter>
<kw name="Exists" library="SikuliLibrary">
<var>${existstagWeightKG}</var>
<arg>tagWeightKG</arg>
<arg>${wait5}</arg>
<doc>Exists</doc>
<msg timestamp="20221227 13:26:04.446" level="INFO">[error] ImagePath: find: not there: tagWeightKG.png</msg>
<msg timestamp="20221227 13:26:04.447" level="INFO">${existstagWeightKG} = False</msg>
<status status="PASS" starttime="20221227 13:25:59.440" endtime="20221227 13:26:04.447"/>
</kw>
<if>
<branch type="IF" condition="${existstagWeightKG}==True">
<kw name="Click" library="SikuliLibrary">
<arg>Cart</arg>
<arg>${wegthX}</arg>
<arg>${wegthY}</arg>
<doc>Click</doc>
<status status="NOT RUN" starttime="20221227 13:26:04.447" endtime="20221227 13:26:04.447"/>
</kw>
<kw name="Set Variable" library="BuiltIn">
<var>${existstagWeightKG}</var>
<arg>False</arg>
<doc>Returns the given values which can then be assigned to a variables.</doc>
<status status="NOT RUN" starttime="20221227 13:26:04.447" endtime="20221227 13:26:04.447"/>
</kw>
<continue>
<status status="NOT RUN" starttime="20221227 13:26:04.447" endtime="20221227 13:26:04.447"/>
</continue>
<status status="NOT RUN" starttime="20221227 13:26:04.447" endtime="20221227 13:26:04.447"/>
</branch>
<status status="PASS" starttime="20221227 13:26:04.447" endtime="20221227 13:26:04.447"/>
</if>
<kw name="Exists" library="SikuliLibrary">
<var>${existslabelSIZEselected}</var>
<arg>labelSIZEselected</arg>
<arg>${wait5}</arg>
<doc>Exists</doc>
<msg timestamp="20221227 13:26:04.690" level="INFO">${existslabelSIZEselected} = True</msg>
<status status="PASS" starttime="20221227 13:26:04.447" endtime="20221227 13:26:04.690"/>
</kw>
<if>
<branch type="IF" condition="${existslabelSIZEselected}==True">
<kw name="Click" library="SikuliLibrary">
<arg>Cart</arg>
<arg>${completedX}</arg>
<arg>${completedY}</arg>
<doc>Click</doc>
<msg timestamp="20221227 13:26:05.015" level="INFO" html="true">&lt;img src='sikuli_captured/sikuliximage-1672176364965.png'/&gt;
[log] CLICK on L[610,869]@S(0) (44 msec)</msg>
<status status="PASS" starttime="20221227 13:26:04.690" endtime="20221227 13:26:05.015"/>
</kw>
<kw name="Set Variable" library="BuiltIn">
<var>${existslabelSIZEselected}</var>
<arg>False</arg>
<doc>Returns the given values which can then be assigned to a variables.</doc>
<msg timestamp="20221227 13:26:05.016" level="INFO">${existslabelSIZEselected} = False</msg>
<status status="PASS" starttime="20221227 13:26:05.015" endtime="20221227 13:26:05.016"/>
</kw>
<continue>
<status status="PASS" starttime="20221227 13:26:05.016" endtime="20221227 13:26:05.016"/>
</continue>
<status status="PASS" starttime="20221227 13:26:04.690" endtime="20221227 13:26:05.016"/>
</branch>
<status status="PASS" starttime="20221227 13:26:04.690" endtime="20221227 13:26:05.016"/>
</if>
<break>
<status status="NOT RUN" starttime="20221227 13:26:05.016" endtime="20221227 13:26:05.016"/>
</break>
<status status="PASS" starttime="20221227 13:25:59.440" endtime="20221227 13:26:05.016"/>
</iter>
<iter>
<kw name="Exists" library="SikuliLibrary">
<var>${existstagWeightKG}</var>
<arg>tagWeightKG</arg>
<arg>${wait5}</arg>
<doc>Exists</doc>
<msg timestamp="20221227 13:26:10.021" level="INFO">[error] ImagePath: find: not there: tagWeightKG.png</msg>
<msg timestamp="20221227 13:26:10.021" level="INFO">${existstagWeightKG} = False</msg>
<status status="PASS" starttime="20221227 13:26:05.016" endtime="20221227 13:26:10.021"/>
</kw>
<if>
<branch type="IF" condition="${existstagWeightKG}==True">
<kw name="Click" library="SikuliLibrary">
<arg>Cart</arg>
<arg>${wegthX}</arg>
<arg>${wegthY}</arg>
<doc>Click</doc>
<status status="NOT RUN" starttime="20221227 13:26:10.021" endtime="20221227 13:26:10.021"/>
</kw>
<kw name="Set Variable" library="BuiltIn">
<var>${existstagWeightKG}</var>
<arg>False</arg>
<doc>Returns the given values which can then be assigned to a variables.</doc>
<status status="NOT RUN" starttime="20221227 13:26:10.022" endtime="20221227 13:26:10.022"/>
</kw>
<continue>
<status status="NOT RUN" starttime="20221227 13:26:10.022" endtime="20221227 13:26:10.022"/>
</continue>
<status status="NOT RUN" starttime="20221227 13:26:10.021" endtime="20221227 13:26:10.022"/>
</branch>
<status status="PASS" starttime="20221227 13:26:10.021" endtime="20221227 13:26:10.022"/>
</if>
<kw name="Exists" library="SikuliLibrary">
<var>${existslabelSIZEselected}</var>
<arg>labelSIZEselected</arg>
<arg>${wait5}</arg>
<doc>Exists</doc>
<msg timestamp="20221227 13:26:10.253" level="INFO">${existslabelSIZEselected} = True</msg>
<status status="PASS" starttime="20221227 13:26:10.022" endtime="20221227 13:26:10.253"/>
</kw>
<if>
<branch type="IF" condition="${existslabelSIZEselected}==True">
<kw name="Click" library="SikuliLibrary">
<arg>Cart</arg>
<arg>${completedX}</arg>
<arg>${completedY}</arg>
<doc>Click</doc>
<msg timestamp="20221227 13:26:10.580" level="INFO" html="true">&lt;img src='sikuli_captured/sikuliximage-1672176370514.png'/&gt;
[log] CLICK on L[610,869]@S(0) (60 msec)</msg>
<status status="PASS" starttime="20221227 13:26:10.254" endtime="20221227 13:26:10.580"/>
</kw>
<kw name="Set Variable" library="BuiltIn">
<var>${existslabelSIZEselected}</var>
<arg>False</arg>
<doc>Returns the given values which can then be assigned to a variables.</doc>
<msg timestamp="20221227 13:26:10.581" level="INFO">${existslabelSIZEselected} = False</msg>
<status status="PASS" starttime="20221227 13:26:10.581" endtime="20221227 13:26:10.581"/>
</kw>
<continue>
<status status="PASS" starttime="20221227 13:26:10.581" endtime="20221227 13:26:10.581"/>
</continue>
<status status="PASS" starttime="20221227 13:26:10.254" endtime="20221227 13:26:10.581"/>
</branch>
<status status="PASS" starttime="20221227 13:26:10.253" endtime="20221227 13:26:10.581"/>
</if>
<break>
<status status="NOT RUN" starttime="20221227 13:26:10.581" endtime="20221227 13:26:10.581"/>
</break>
<status status="PASS" starttime="20221227 13:26:05.016" endtime="20221227 13:26:10.581"/>
</iter>
<iter>
<kw name="Exists" library="SikuliLibrary">
<var>${existstagWeightKG}</var>
<arg>tagWeightKG</arg>
<arg>${wait5}</arg>
<doc>Exists</doc>
<msg timestamp="20221227 13:26:15.590" level="INFO">[error] ImagePath: find: not there: tagWeightKG.png</msg>
<msg timestamp="20221227 13:26:15.590" level="INFO">${existstagWeightKG} = False</msg>
<status status="PASS" starttime="20221227 13:26:10.582" endtime="20221227 13:26:15.590"/>
</kw>
<if>
<branch type="IF" condition="${existstagWeightKG}==True">
<kw name="Click" library="SikuliLibrary">
<arg>Cart</arg>
<arg>${wegthX}</arg>
<arg>${wegthY}</arg>
<doc>Click</doc>
<status status="NOT RUN" starttime="20221227 13:26:15.591" endtime="20221227 13:26:15.591"/>
</kw>
<kw name="Set Variable" library="BuiltIn">
<var>${existstagWeightKG}</var>
<arg>False</arg>
<doc>Returns the given values which can then be assigned to a variables.</doc>
<status status="NOT RUN" starttime="20221227 13:26:15.591" endtime="20221227 13:26:15.591"/>
</kw>
<continue>
<status status="NOT RUN" starttime="20221227 13:26:15.591" endtime="20221227 13:26:15.591"/>
</continue>
<status status="NOT RUN" starttime="20221227 13:26:15.590" endtime="20221227 13:26:15.591"/>
</branch>
<status status="PASS" starttime="20221227 13:26:15.590" endtime="20221227 13:26:15.591"/>
</if>
<kw name="Exists" library="SikuliLibrary">
<var>${existslabelSIZEselected}</var>
<arg>labelSIZEselected</arg>
<arg>${wait5}</arg>
<doc>Exists</doc>
<msg timestamp="20221227 13:26:15.818" level="INFO">${existslabelSIZEselected} = True</msg>
<status status="PASS" starttime="20221227 13:26:15.591" endtime="20221227 13:26:15.818"/>
</kw>
<if>
<branch type="IF" condition="${existslabelSIZEselected}==True">
<kw name="Click" library="SikuliLibrary">
<arg>Cart</arg>
<arg>${completedX}</arg>
<arg>${completedY}</arg>
<doc>Click</doc>
<msg timestamp="20221227 13:26:16.136" level="INFO" html="true">&lt;img src='sikuli_captured/sikuliximage-1672176376087.png'/&gt;
[log] CLICK on L[610,869]@S(0) (44 msec)</msg>
<status status="PASS" starttime="20221227 13:26:15.818" endtime="20221227 13:26:16.136"/>
</kw>
<kw name="Set Variable" library="BuiltIn">
<var>${existslabelSIZEselected}</var>
<arg>False</arg>
<doc>Returns the given values which can then be assigned to a variables.</doc>
<msg timestamp="20221227 13:26:16.137" level="INFO">${existslabelSIZEselected} = False</msg>
<status status="PASS" starttime="20221227 13:26:16.136" endtime="20221227 13:26:16.137"/>
</kw>
<continue>
<status status="PASS" starttime="20221227 13:26:16.137" endtime="20221227 13:26:16.137"/>
</continue>
<status status="PASS" starttime="20221227 13:26:15.818" endtime="20221227 13:26:16.137"/>
</branch>
<status status="PASS" starttime="20221227 13:26:15.818" endtime="20221227 13:26:16.137"/>
</if>
<break>
<status status="NOT RUN" starttime="20221227 13:26:16.137" endtime="20221227 13:26:16.137"/>
</break>
<status status="PASS" starttime="20221227 13:26:10.582" endtime="20221227 13:26:16.137"/>
</iter>
<iter>
<kw name="Exists" library="SikuliLibrary">
<var>${existstagWeightKG}</var>
<arg>tagWeightKG</arg>
<arg>${wait5}</arg>
<doc>Exists</doc>
<msg timestamp="20221227 13:26:21.145" level="INFO">[error] ImagePath: find: not there: tagWeightKG.png</msg>
<msg timestamp="20221227 13:26:21.146" level="INFO">${existstagWeightKG} = False</msg>
<status status="PASS" starttime="20221227 13:26:16.137" endtime="20221227 13:26:21.146"/>
</kw>
<if>
<branch type="IF" condition="${existstagWeightKG}==True">
<kw name="Click" library="SikuliLibrary">
<arg>Cart</arg>
<arg>${wegthX}</arg>
<arg>${wegthY}</arg>
<doc>Click</doc>
<status status="NOT RUN" starttime="20221227 13:26:21.148" endtime="20221227 13:26:21.148"/>
</kw>
<kw name="Set Variable" library="BuiltIn">
<var>${existstagWeightKG}</var>
<arg>False</arg>
<doc>Returns the given values which can then be assigned to a variables.</doc>
<status status="NOT RUN" starttime="20221227 13:26:21.148" endtime="20221227 13:26:21.149"/>
</kw>
<continue>
<status status="NOT RUN" starttime="20221227 13:26:21.149" endtime="20221227 13:26:21.149"/>
</continue>
<status status="NOT RUN" starttime="20221227 13:26:21.147" endtime="20221227 13:26:21.149"/>
</branch>
<status status="PASS" starttime="20221227 13:26:21.147" endtime="20221227 13:26:21.149"/>
</if>
<kw name="Exists" library="SikuliLibrary">
<var>${existslabelSIZEselected}</var>
<arg>labelSIZEselected</arg>
<arg>${wait5}</arg>
<doc>Exists</doc>
<msg timestamp="20221227 13:26:21.380" level="INFO">${existslabelSIZEselected} = True</msg>
<status status="PASS" starttime="20221227 13:26:21.149" endtime="20221227 13:26:21.380"/>
</kw>
<if>
<branch type="IF" condition="${existslabelSIZEselected}==True">
<kw name="Click" library="SikuliLibrary">
<arg>Cart</arg>
<arg>${completedX}</arg>
<arg>${completedY}</arg>
<doc>Click</doc>
<msg timestamp="20221227 13:26:21.690" level="INFO" html="true">&lt;img src='sikuli_captured/sikuliximage-1672176381641.png'/&gt;
[log] CLICK on L[610,869]@S(0) (46 msec)</msg>
<status status="PASS" starttime="20221227 13:26:21.381" endtime="20221227 13:26:21.690"/>
</kw>
<kw name="Set Variable" library="BuiltIn">
<var>${existslabelSIZEselected}</var>
<arg>False</arg>
<doc>Returns the given values which can then be assigned to a variables.</doc>
<msg timestamp="20221227 13:26:21.691" level="INFO">${existslabelSIZEselected} = False</msg>
<status status="PASS" starttime="20221227 13:26:21.690" endtime="20221227 13:26:21.691"/>
</kw>
<continue>
<status status="PASS" starttime="20221227 13:26:21.691" endtime="20221227 13:26:21.691"/>
</continue>
<status status="PASS" starttime="20221227 13:26:21.381" endtime="20221227 13:26:21.691"/>
</branch>
<status status="PASS" starttime="20221227 13:26:21.381" endtime="20221227 13:26:21.691"/>
</if>
<break>
<status status="NOT RUN" starttime="20221227 13:26:21.691" endtime="20221227 13:26:21.691"/>
</break>
<status status="PASS" starttime="20221227 13:26:16.137" endtime="20221227 13:26:21.691"/>
</iter>
<iter>
<kw name="Exists" library="SikuliLibrary">
<var>${existstagWeightKG}</var>
<arg>tagWeightKG</arg>
<arg>${wait5}</arg>
<doc>Exists</doc>
<msg timestamp="20221227 13:26:26.695" level="INFO">[error] ImagePath: find: not there: tagWeightKG.png</msg>
<msg timestamp="20221227 13:26:26.696" level="INFO">${existstagWeightKG} = False</msg>
<status status="PASS" starttime="20221227 13:26:21.691" endtime="20221227 13:26:26.696"/>
</kw>
<if>
<branch type="IF" condition="${existstagWeightKG}==True">
<kw name="Click" library="SikuliLibrary">
<arg>Cart</arg>
<arg>${wegthX}</arg>
<arg>${wegthY}</arg>
<doc>Click</doc>
<status status="NOT RUN" starttime="20221227 13:26:26.696" endtime="20221227 13:26:26.696"/>
</kw>
<kw name="Set Variable" library="BuiltIn">
<var>${existstagWeightKG}</var>
<arg>False</arg>
<doc>Returns the given values which can then be assigned to a variables.</doc>
<status status="NOT RUN" starttime="20221227 13:26:26.696" endtime="20221227 13:26:26.696"/>
</kw>
<continue>
<status status="NOT RUN" starttime="20221227 13:26:26.696" endtime="20221227 13:26:26.696"/>
</continue>
<status status="NOT RUN" starttime="20221227 13:26:26.696" endtime="20221227 13:26:26.696"/>
</branch>
<status status="PASS" starttime="20221227 13:26:26.696" endtime="20221227 13:26:26.696"/>
</if>
<kw name="Exists" library="SikuliLibrary">
<var>${existslabelSIZEselected}</var>
<arg>labelSIZEselected</arg>
<arg>${wait5}</arg>
<doc>Exists</doc>
<msg timestamp="20221227 13:26:26.916" level="INFO">${existslabelSIZEselected} = True</msg>
<status status="PASS" starttime="20221227 13:26:26.696" endtime="20221227 13:26:26.916"/>
</kw>
<if>
<branch type="IF" condition="${existslabelSIZEselected}==True">
<kw name="Click" library="SikuliLibrary">
<arg>Cart</arg>
<arg>${completedX}</arg>
<arg>${completedY}</arg>
<doc>Click</doc>
<msg timestamp="20221227 13:26:27.234" level="INFO" html="true">&lt;img src='sikuli_captured/sikuliximage-1672176387201.png'/&gt;
[log] CLICK on L[610,869]@S(0) (30 msec)</msg>
<status status="PASS" starttime="20221227 13:26:26.916" endtime="20221227 13:26:27.235"/>
</kw>
<kw name="Set Variable" library="BuiltIn">
<var>${existslabelSIZEselected}</var>
<arg>False</arg>
<doc>Returns the given values which can then be assigned to a variables.</doc>
<msg timestamp="20221227 13:26:27.235" level="INFO">${existslabelSIZEselected} = False</msg>
<status status="PASS" starttime="20221227 13:26:27.235" endtime="20221227 13:26:27.235"/>
</kw>
<continue>
<status status="PASS" starttime="20221227 13:26:27.235" endtime="20221227 13:26:27.235"/>
</continue>
<status status="PASS" starttime="20221227 13:26:26.916" endtime="20221227 13:26:27.235"/>
</branch>
<status status="PASS" starttime="20221227 13:26:26.916" endtime="20221227 13:26:27.235"/>
</if>
<break>
<status status="NOT RUN" starttime="20221227 13:26:27.235" endtime="20221227 13:26:27.235"/>
</break>
<status status="PASS" starttime="20221227 13:26:21.691" endtime="20221227 13:26:27.235"/>
</iter>
<iter>
<kw name="Exists" library="SikuliLibrary">
<var>${existstagWeightKG}</var>
<arg>tagWeightKG</arg>
<arg>${wait5}</arg>
<doc>Exists</doc>
<msg timestamp="20221227 13:26:32.242" level="INFO">[error] ImagePath: find: not there: tagWeightKG.png</msg>
<msg timestamp="20221227 13:26:32.243" level="INFO">${existstagWeightKG} = False</msg>
<status status="PASS" starttime="20221227 13:26:27.236" endtime="20221227 13:26:32.243"/>
</kw>
<if>
<branch type="IF" condition="${existstagWeightKG}==True">
<kw name="Click" library="SikuliLibrary">
<arg>Cart</arg>
<arg>${wegthX}</arg>
<arg>${wegthY}</arg>
<doc>Click</doc>
<status status="NOT RUN" starttime="20221227 13:26:32.243" endtime="20221227 13:26:32.243"/>
</kw>
<kw name="Set Variable" library="BuiltIn">
<var>${existstagWeightKG}</var>
<arg>False</arg>
<doc>Returns the given values which can then be assigned to a variables.</doc>
<status status="NOT RUN" starttime="20221227 13:26:32.243" endtime="20221227 13:26:32.243"/>
</kw>
<continue>
<status status="NOT RUN" starttime="20221227 13:26:32.243" endtime="20221227 13:26:32.243"/>
</continue>
<status status="NOT RUN" starttime="20221227 13:26:32.243" endtime="20221227 13:26:32.243"/>
</branch>
<status status="PASS" starttime="20221227 13:26:32.243" endtime="20221227 13:26:32.243"/>
</if>
<kw name="Exists" library="SikuliLibrary">
<var>${existslabelSIZEselected}</var>
<arg>labelSIZEselected</arg>
<arg>${wait5}</arg>
<doc>Exists</doc>
<msg timestamp="20221227 13:26:32.477" level="INFO">${existslabelSIZEselected} = True</msg>
<status status="PASS" starttime="20221227 13:26:32.243" endtime="20221227 13:26:32.477"/>
</kw>
<if>
<branch type="IF" condition="${existslabelSIZEselected}==True">
<kw name="Click" library="SikuliLibrary">
<arg>Cart</arg>
<arg>${completedX}</arg>
<arg>${completedY}</arg>
<doc>Click</doc>
<msg timestamp="20221227 13:26:32.796" level="INFO" html="true">&lt;img src='sikuli_captured/sikuliximage-1672176392729.png'/&gt;
[log] CLICK on L[610,869]@S(0) (59 msec)</msg>
<status status="PASS" starttime="20221227 13:26:32.477" endtime="20221227 13:26:32.797"/>
</kw>
<kw name="Set Variable" library="BuiltIn">
<var>${existslabelSIZEselected}</var>
<arg>False</arg>
<doc>Returns the given values which can then be assigned to a variables.</doc>
<msg timestamp="20221227 13:26:32.798" level="INFO">${existslabelSIZEselected} = False</msg>
<status status="PASS" starttime="20221227 13:26:32.797" endtime="20221227 13:26:32.798"/>
</kw>
<continue>
<status status="PASS" starttime="20221227 13:26:32.798" endtime="20221227 13:26:32.798"/>
</continue>
<status status="PASS" starttime="20221227 13:26:32.477" endtime="20221227 13:26:32.798"/>
</branch>
<status status="PASS" starttime="20221227 13:26:32.477" endtime="20221227 13:26:32.798"/>
</if>
<break>
<status status="NOT RUN" starttime="20221227 13:26:32.798" endtime="20221227 13:26:32.798"/>
</break>
<status status="PASS" starttime="20221227 13:26:27.236" endtime="20221227 13:26:32.798"/>
</iter>
<iter>
<kw name="Exists" library="SikuliLibrary">
<var>${existstagWeightKG}</var>
<arg>tagWeightKG</arg>
<arg>${wait5}</arg>
<doc>Exists</doc>
<msg timestamp="20221227 13:26:37.804" level="INFO">[error] ImagePath: find: not there: tagWeightKG.png</msg>
<msg timestamp="20221227 13:26:37.804" level="INFO">${existstagWeightKG} = False</msg>
<status status="PASS" starttime="20221227 13:26:32.799" endtime="20221227 13:26:37.804"/>
</kw>
<if>
<branch type="IF" condition="${existstagWeightKG}==True">
<kw name="Click" library="SikuliLibrary">
<arg>Cart</arg>
<arg>${wegthX}</arg>
<arg>${wegthY}</arg>
<doc>Click</doc>
<status status="NOT RUN" starttime="20221227 13:26:37.804" endtime="20221227 13:26:37.804"/>
</kw>
<kw name="Set Variable" library="BuiltIn">
<var>${existstagWeightKG}</var>
<arg>False</arg>
<doc>Returns the given values which can then be assigned to a variables.</doc>
<status status="NOT RUN" starttime="20221227 13:26:37.804" endtime="20221227 13:26:37.804"/>
</kw>
<continue>
<status status="NOT RUN" starttime="20221227 13:26:37.804" endtime="20221227 13:26:37.804"/>
</continue>
<status status="NOT RUN" starttime="20221227 13:26:37.804" endtime="20221227 13:26:37.804"/>
</branch>
<status status="PASS" starttime="20221227 13:26:37.804" endtime="20221227 13:26:37.804"/>
</if>
<kw name="Exists" library="SikuliLibrary">
<var>${existslabelSIZEselected}</var>
<arg>labelSIZEselected</arg>
<arg>${wait5}</arg>
<doc>Exists</doc>
<msg timestamp="20221227 13:26:38.028" level="INFO">${existslabelSIZEselected} = True</msg>
<status status="PASS" starttime="20221227 13:26:37.804" endtime="20221227 13:26:38.028"/>
</kw>
<if>
<branch type="IF" condition="${existslabelSIZEselected}==True">
<kw name="Click" library="SikuliLibrary">
<arg>Cart</arg>
<arg>${completedX}</arg>
<arg>${completedY}</arg>
<doc>Click</doc>
<msg timestamp="20221227 13:26:38.341" level="INFO" html="true">&lt;img src='sikuli_captured/sikuliximage-1672176398292.png'/&gt;
[log] CLICK on L[610,869]@S(0) (46 msec)</msg>
<status status="PASS" starttime="20221227 13:26:38.028" endtime="20221227 13:26:38.341"/>
</kw>
<kw name="Set Variable" library="BuiltIn">
<var>${existslabelSIZEselected}</var>
<arg>False</arg>
<doc>Returns the given values which can then be assigned to a variables.</doc>
<msg timestamp="20221227 13:26:38.341" level="INFO">${existslabelSIZEselected} = False</msg>
<status status="PASS" starttime="20221227 13:26:38.341" endtime="20221227 13:26:38.341"/>
</kw>
<continue>
<status status="PASS" starttime="20221227 13:26:38.341" endtime="20221227 13:26:38.342"/>
</continue>
<status status="PASS" starttime="20221227 13:26:38.028" endtime="20221227 13:26:38.342"/>
</branch>
<status status="PASS" starttime="20221227 13:26:38.028" endtime="20221227 13:26:38.342"/>
</if>
<break>
<status status="NOT RUN" starttime="20221227 13:26:38.342" endtime="20221227 13:26:38.342"/>
</break>
<status status="PASS" starttime="20221227 13:26:32.798" endtime="20221227 13:26:38.342"/>
</iter>
<iter>
<kw name="Exists" library="SikuliLibrary">
<var>${existstagWeightKG}</var>
<arg>tagWeightKG</arg>
<arg>${wait5}</arg>
<doc>Exists</doc>
<msg timestamp="20221227 13:26:43.347" level="INFO">[error] ImagePath: find: not there: tagWeightKG.png</msg>
<msg timestamp="20221227 13:26:43.348" level="INFO">${existstagWeightKG} = False</msg>
<status status="PASS" starttime="20221227 13:26:38.342" endtime="20221227 13:26:43.348"/>
</kw>
<if>
<branch type="IF" condition="${existstagWeightKG}==True">
<kw name="Click" library="SikuliLibrary">
<arg>Cart</arg>
<arg>${wegthX}</arg>
<arg>${wegthY}</arg>
<doc>Click</doc>
<status status="NOT RUN" starttime="20221227 13:26:43.348" endtime="20221227 13:26:43.348"/>
</kw>
<kw name="Set Variable" library="BuiltIn">
<var>${existstagWeightKG}</var>
<arg>False</arg>
<doc>Returns the given values which can then be assigned to a variables.</doc>
<status status="NOT RUN" starttime="20221227 13:26:43.348" endtime="20221227 13:26:43.348"/>
</kw>
<continue>
<status status="NOT RUN" starttime="20221227 13:26:43.348" endtime="20221227 13:26:43.348"/>
</continue>
<status status="NOT RUN" starttime="20221227 13:26:43.348" endtime="20221227 13:26:43.348"/>
</branch>
<status status="PASS" starttime="20221227 13:26:43.348" endtime="20221227 13:26:43.348"/>
</if>
<kw name="Exists" library="SikuliLibrary">
<var>${existslabelSIZEselected}</var>
<arg>labelSIZEselected</arg>
<arg>${wait5}</arg>
<doc>Exists</doc>
<msg timestamp="20221227 13:26:43.570" level="INFO">${existslabelSIZEselected} = True</msg>
<status status="PASS" starttime="20221227 13:26:43.348" endtime="20221227 13:26:43.570"/>
</kw>
<if>
<branch type="IF" condition="${existslabelSIZEselected}==True">
<kw name="Click" library="SikuliLibrary">
<arg>Cart</arg>
<arg>${completedX}</arg>
<arg>${completedY}</arg>
<doc>Click</doc>
<msg timestamp="20221227 13:26:43.893" level="INFO" html="true">&lt;img src='sikuli_captured/sikuliximage-1672176403843.png'/&gt;
[log] CLICK on L[610,869]@S(0) (46 msec)</msg>
<status status="PASS" starttime="20221227 13:26:43.570" endtime="20221227 13:26:43.893"/>
</kw>
<kw name="Set Variable" library="BuiltIn">
<var>${existslabelSIZEselected}</var>
<arg>False</arg>
<doc>Returns the given values which can then be assigned to a variables.</doc>
<msg timestamp="20221227 13:26:43.894" level="INFO">${existslabelSIZEselected} = False</msg>
<status status="PASS" starttime="20221227 13:26:43.893" endtime="20221227 13:26:43.894"/>
</kw>
<continue>
<status status="PASS" starttime="20221227 13:26:43.894" endtime="20221227 13:26:43.894"/>
</continue>
<status status="PASS" starttime="20221227 13:26:43.570" endtime="20221227 13:26:43.894"/>
</branch>
<status status="PASS" starttime="20221227 13:26:43.570" endtime="20221227 13:26:43.894"/>
</if>
<break>
<status status="NOT RUN" starttime="20221227 13:26:43.894" endtime="20221227 13:26:43.894"/>
</break>
<status status="PASS" starttime="20221227 13:26:38.342" endtime="20221227 13:26:43.894"/>
</iter>
<iter>
<kw name="Exists" library="SikuliLibrary">
<var>${existstagWeightKG}</var>
<arg>tagWeightKG</arg>
<arg>${wait5}</arg>
<doc>Exists</doc>
<msg timestamp="20221227 13:26:48.899" level="INFO">[error] ImagePath: find: not there: tagWeightKG.png</msg>
<msg timestamp="20221227 13:26:48.899" level="INFO">${existstagWeightKG} = False</msg>
<status status="PASS" starttime="20221227 13:26:43.894" endtime="20221227 13:26:48.899"/>
</kw>
<if>
<branch type="IF" condition="${existstagWeightKG}==True">
<kw name="Click" library="SikuliLibrary">
<arg>Cart</arg>
<arg>${wegthX}</arg>
<arg>${wegthY}</arg>
<doc>Click</doc>
<status status="NOT RUN" starttime="20221227 13:26:48.899" endtime="20221227 13:26:48.899"/>
</kw>
<kw name="Set Variable" library="BuiltIn">
<var>${existstagWeightKG}</var>
<arg>False</arg>
<doc>Returns the given values which can then be assigned to a variables.</doc>
<status status="NOT RUN" starttime="20221227 13:26:48.899" endtime="20221227 13:26:48.899"/>
</kw>
<continue>
<status status="NOT RUN" starttime="20221227 13:26:48.899" endtime="20221227 13:26:48.899"/>
</continue>
<status status="NOT RUN" starttime="20221227 13:26:48.899" endtime="20221227 13:26:48.899"/>
</branch>
<status status="PASS" starttime="20221227 13:26:48.899" endtime="20221227 13:26:48.899"/>
</if>
<kw name="Exists" library="SikuliLibrary">
<var>${existslabelSIZEselected}</var>
<arg>labelSIZEselected</arg>
<arg>${wait5}</arg>
<doc>Exists</doc>
<msg timestamp="20221227 13:26:49.139" level="INFO">${existslabelSIZEselected} = True</msg>
<status status="PASS" starttime="20221227 13:26:48.899" endtime="20221227 13:26:49.139"/>
</kw>
<if>
<branch type="IF" condition="${existslabelSIZEselected}==True">
<kw name="Click" library="SikuliLibrary">
<arg>Cart</arg>
<arg>${completedX}</arg>
<arg>${completedY}</arg>
<doc>Click</doc>
<msg timestamp="20221227 13:26:49.467" level="INFO" html="true">&lt;img src='sikuli_captured/sikuliximage-1672176409419.png'/&gt;
[log] CLICK on L[610,869]@S(0) (36 msec)</msg>
<status status="PASS" starttime="20221227 13:26:49.139" endtime="20221227 13:26:49.467"/>
</kw>
<kw name="Set Variable" library="BuiltIn">
<var>${existslabelSIZEselected}</var>
<arg>False</arg>
<doc>Returns the given values which can then be assigned to a variables.</doc>
<msg timestamp="20221227 13:26:49.467" level="INFO">${existslabelSIZEselected} = False</msg>
<status status="PASS" starttime="20221227 13:26:49.467" endtime="20221227 13:26:49.467"/>
</kw>
<continue>
<status status="PASS" starttime="20221227 13:26:49.467" endtime="20221227 13:26:49.467"/>
</continue>
<status status="PASS" starttime="20221227 13:26:49.139" endtime="20221227 13:26:49.467"/>
</branch>
<status status="PASS" starttime="20221227 13:26:49.139" endtime="20221227 13:26:49.467"/>
</if>
<break>
<status status="NOT RUN" starttime="20221227 13:26:49.467" endtime="20221227 13:26:49.467"/>
</break>
<status status="PASS" starttime="20221227 13:26:43.894" endtime="20221227 13:26:49.467"/>
</iter>
<iter>
<kw name="Exists" library="SikuliLibrary">
<var>${existstagWeightKG}</var>
<arg>tagWeightKG</arg>
<arg>${wait5}</arg>
<doc>Exists</doc>
<msg timestamp="20221227 13:26:54.473" level="INFO">[error] ImagePath: find: not there: tagWeightKG.png</msg>
<msg timestamp="20221227 13:26:54.473" level="INFO">${existstagWeightKG} = False</msg>
<status status="PASS" starttime="20221227 13:26:49.468" endtime="20221227 13:26:54.473"/>
</kw>
<if>
<branch type="IF" condition="${existstagWeightKG}==True">
<kw name="Click" library="SikuliLibrary">
<arg>Cart</arg>
<arg>${wegthX}</arg>
<arg>${wegthY}</arg>
<doc>Click</doc>
<status status="NOT RUN" starttime="20221227 13:26:54.474" endtime="20221227 13:26:54.474"/>
</kw>
<kw name="Set Variable" library="BuiltIn">
<var>${existstagWeightKG}</var>
<arg>False</arg>
<doc>Returns the given values which can then be assigned to a variables.</doc>
<status status="NOT RUN" starttime="20221227 13:26:54.474" endtime="20221227 13:26:54.474"/>
</kw>
<continue>
<status status="NOT RUN" starttime="20221227 13:26:54.474" endtime="20221227 13:26:54.474"/>
</continue>
<status status="NOT RUN" starttime="20221227 13:26:54.474" endtime="20221227 13:26:54.474"/>
</branch>
<status status="PASS" starttime="20221227 13:26:54.474" endtime="20221227 13:26:54.474"/>
</if>
<kw name="Exists" library="SikuliLibrary">
<var>${existslabelSIZEselected}</var>
<arg>labelSIZEselected</arg>
<arg>${wait5}</arg>
<doc>Exists</doc>
<msg timestamp="20221227 13:26:54.714" level="INFO">${existslabelSIZEselected} = True</msg>
<status status="PASS" starttime="20221227 13:26:54.475" endtime="20221227 13:26:54.715"/>
</kw>
<if>
<branch type="IF" condition="${existslabelSIZEselected}==True">
<kw name="Click" library="SikuliLibrary">
<arg>Cart</arg>
<arg>${completedX}</arg>
<arg>${completedY}</arg>
<doc>Click</doc>
<msg timestamp="20221227 13:26:55.017" level="INFO" html="true">&lt;img src='sikuli_captured/sikuliximage-1672176414967.png'/&gt;
[log] CLICK on L[610,869]@S(0) (42 msec)</msg>
<status status="PASS" starttime="20221227 13:26:54.715" endtime="20221227 13:26:55.017"/>
</kw>
<kw name="Set Variable" library="BuiltIn">
<var>${existslabelSIZEselected}</var>
<arg>False</arg>
<doc>Returns the given values which can then be assigned to a variables.</doc>
<msg timestamp="20221227 13:26:55.018" level="INFO">${existslabelSIZEselected} = False</msg>
<status status="PASS" starttime="20221227 13:26:55.018" endtime="20221227 13:26:55.018"/>
</kw>
<continue>
<status status="PASS" starttime="20221227 13:26:55.018" endtime="20221227 13:26:55.018"/>
</continue>
<status status="PASS" starttime="20221227 13:26:54.715" endtime="20221227 13:26:55.018"/>
</branch>
<status status="PASS" starttime="20221227 13:26:54.715" endtime="20221227 13:26:55.018"/>
</if>
<break>
<status status="NOT RUN" starttime="20221227 13:26:55.018" endtime="20221227 13:26:55.018"/>
</break>
<status status="PASS" starttime="20221227 13:26:49.468" endtime="20221227 13:26:55.018"/>
</iter>
<iter>
<kw name="Exists" library="SikuliLibrary">
<var>${existstagWeightKG}</var>
<arg>tagWeightKG</arg>
<arg>${wait5}</arg>
<doc>Exists</doc>
<msg timestamp="20221227 13:27:00.027" level="INFO">[error] ImagePath: find: not there: tagWeightKG.png</msg>
<msg timestamp="20221227 13:27:00.027" level="INFO">${existstagWeightKG} = False</msg>
<status status="PASS" starttime="20221227 13:26:55.019" endtime="20221227 13:27:00.027"/>
</kw>
<if>
<branch type="IF" condition="${existstagWeightKG}==True">
<kw name="Click" library="SikuliLibrary">
<arg>Cart</arg>
<arg>${wegthX}</arg>
<arg>${wegthY}</arg>
<doc>Click</doc>
<status status="NOT RUN" starttime="20221227 13:27:00.028" endtime="20221227 13:27:00.028"/>
</kw>
<kw name="Set Variable" library="BuiltIn">
<var>${existstagWeightKG}</var>
<arg>False</arg>
<doc>Returns the given values which can then be assigned to a variables.</doc>
<status status="NOT RUN" starttime="20221227 13:27:00.028" endtime="20221227 13:27:00.028"/>
</kw>
<continue>
<status status="NOT RUN" starttime="20221227 13:27:00.028" endtime="20221227 13:27:00.028"/>
</continue>
<status status="NOT RUN" starttime="20221227 13:27:00.028" endtime="20221227 13:27:00.028"/>
</branch>
<status status="PASS" starttime="20221227 13:27:00.027" endtime="20221227 13:27:00.028"/>
</if>
<kw name="Exists" library="SikuliLibrary">
<var>${existslabelSIZEselected}</var>
<arg>labelSIZEselected</arg>
<arg>${wait5}</arg>
<doc>Exists</doc>
<msg timestamp="20221227 13:27:00.498" level="INFO">${existslabelSIZEselected} = True</msg>
<status status="PASS" starttime="20221227 13:27:00.028" endtime="20221227 13:27:00.498"/>
</kw>
<if>
<branch type="IF" condition="${existslabelSIZEselected}==True">
<kw name="Click" library="SikuliLibrary">
<arg>Cart</arg>
<arg>${completedX}</arg>
<arg>${completedY}</arg>
<doc>Click</doc>
<msg timestamp="20221227 13:27:00.833" level="INFO" html="true">&lt;img src='sikuli_captured/sikuliximage-1672176420783.png'/&gt;
[log] CLICK on L[610,869]@S(0) (45 msec)</msg>
<status status="PASS" starttime="20221227 13:27:00.499" endtime="20221227 13:27:00.833"/>
</kw>
[...]
</break>
<status status="PASS" starttime="20221227 13:33:33.944" endtime="20221227 13:33:39.520"/>
</iter>
<iter>
<kw name="Exists" library="SikuliLibrary">
<var>${existstagWeightKG}</var>
<arg>tagWeightKG</arg>
<arg>${wait5}</arg>
<doc>Exists</doc>
<msg timestamp="20221227 13:33:44.525" level="INFO">[error] ImagePath: find: not there: tagWeightKG.png</msg>
<msg timestamp="20221227 13:33:44.525" level="INFO">${existstagWeightKG} = False</msg>
<status status="PASS" starttime="20221227 13:33:39.520" endtime="20221227 13:33:44.525"/>
</kw>
<if>
<branch type="IF" condition="${existstagWeightKG}==True">
<kw name="Click" library="SikuliLibrary">
<arg>Cart</arg>
<arg>${wegthX}</arg>
<arg>${wegthY}</arg>
<doc>Click</doc>
<status status="NOT RUN" starttime="20221227 13:33:44.525" endtime="20221227 13:33:44.525"/>
</kw>
<kw name="Set Variable" library="BuiltIn">
<var>${existstagWeightKG}</var>
<arg>False</arg>
<doc>Returns the given values which can then be assigned to a variables.</doc>
<status status="NOT RUN" starttime="20221227 13:33:44.525" endtime="20221227 13:33:44.525"/>
</kw>
<continue>
<status status="NOT RUN" starttime="20221227 13:33:44.525" endtime="20221227 13:33:44.525"/>
</continue>
<status status="NOT RUN" starttime="20221227 13:33:44.525" endtime="20221227 13:33:44.525"/>
</branch>
<status status="PASS" starttime="20221227 13:33:44.525" endtime="20221227 13:33:44.525"/>
</if>
<kw name="Exists" library="SikuliLibrary">
<var>${existslabelSIZEselected}</var>
<arg>labelSIZEselected</arg>
<arg>${wait5}</arg>
<doc>Exists</doc>
<msg timestamp="20221227 13:33:44.753" level="INFO">${existslabelSIZEselected} = True</msg>
<status status="PASS" starttime="20221227 13:33:44.525" endtime="20221227 13:33:44.753"/>
</kw>
<if>
<branch type="IF" condition="${existslabelSIZEselected}==True">
<kw name="Click" library="SikuliLibrary">
<arg>Cart</arg>
<arg>${completedX}</arg>
<arg>${completedY}</arg>
<doc>Click</doc>
<msg timestamp="20221227 13:33:45.070" level="INFO" html="true">&lt;img src='sikuli_captured/sikuliximage-1672176825021.png'/&gt;
[log] CLICK on L[610,869]@S(0) (42 msec)</msg>
<status status="PASS" starttime="20221227 13:33:44.753" endtime="20221227 13:33:45.070"/>
</kw>
<kw name="Set Variable" library="BuiltIn">
<var>${existslabelSIZEselected}</var>
<arg>False</arg>
<doc>Returns the given values which can then be assigned to a variables.</doc>
<msg timestamp="20221227 13:33:45.070" level="INFO">${existslabelSIZEselected} = False</msg>
<status status="PASS" starttime="20221227 13:33:45.070" endtime="20221227 13:33:45.070"/>
</kw>
<continue>
<status status="PASS" starttime="20221227 13:33:45.070" endtime="20221227 13:33:45.070"/>
</continue>
<status status="PASS" starttime="20221227 13:33:44.753" endtime="20221227 13:33:45.070"/>
</branch>
<status status="PASS" starttime="20221227 13:33:44.753" endtime="20221227 13:33:45.070"/>
</if>
<break>
<status status="NOT RUN" starttime="20221227 13:33:45.070" endtime="20221227 13:33:45.071"/>
</break>
<status status="PASS" starttime="20221227 13:33:39.520" endtime="20221227 13:33:45.071"/>
</iter>
<iter>
<kw name="Exists" library="SikuliLibrary">
<var>${existstagWeightKG}</var>
<arg>tagWeightKG</arg>
<arg>${wait5}</arg>
<doc>Exists</doc>
<msg timestamp="20221227 13:33:50.076" level="INFO">[error] ImagePath: find: not there: tagWeightKG.png</msg>
<msg timestamp="20221227 13:33:50.076" level="INFO">${existstagWeightKG} = False</msg>
<status status="PASS" starttime="20221227 13:33:45.071" endtime="20221227 13:33:50.076"/>
</kw>
<if>
<branch type="IF" condition="${existstagWeightKG}==True">
<kw name="Click" library="SikuliLibrary">
<arg>Cart</arg>
<arg>${wegthX}</arg>
<arg>${wegthY}</arg>
<doc>Click</doc>
<status status="NOT RUN" starttime="20221227 13:33:50.076" endtime="20221227 13:33:50.077"/>
</kw>
<kw name="Set Variable" library="BuiltIn">
<var>${existstagWeightKG}</var>
<arg>False</arg>
<doc>Returns the given values which can then be assigned to a variables.</doc>
<status status="NOT RUN" starttime="20221227 13:33:50.077" endtime="20221227 13:33:50.077"/>
</kw>
<continue>
<status status="NOT RUN" starttime="20221227 13:33:50.077" endtime="20221227 13:33:50.077"/>
</continue>
<status status="NOT RUN" starttime="20221227 13:33:50.076" endtime="20221227 13:33:50.077"/>
</branch>
<status status="PASS" starttime="20221227 13:33:50.076" endtime="20221227 13:33:50.077"/>
</if>
<kw name="Exists" library="SikuliLibrary">
<var>${existslabelSIZEselected}</var>
<arg>labelSIZEselected</arg>
<arg>${wait5}</arg>
<doc>Exists</doc>
<msg timestamp="20221227 13:33:50.326" level="INFO">${existslabelSIZEselected} = True</msg>
<status status="PASS" starttime="20221227 13:33:50.077" endtime="20221227 13:33:50.326"/>
</kw>
<if>
<branch type="IF" condition="${existslabelSIZEselected}==True">
<kw name="Click" library="SikuliLibrary">
<arg>Cart</arg>
<arg>${completedX}</arg>
<arg>${completedY}</arg>
<doc>Click</doc>
<msg timestamp="20221227 13:33:50.637" level="INFO" html="true">&lt;img src='sikuli_captured/sikuliximage-1672176830587.png'/&gt;
[log] CLICK on L[610,869]@S(0) (45 msec)</msg>
<status status="PASS" starttime="20221227 13:33:50.326" endtime="20221227 13:33:50.637"/>
</kw>
<kw name="Set Variable" library="BuiltIn">
<var>${existslabelSIZEselected}</var>
<arg>False</arg>
<doc>Returns the given values which can then be assigned to a variables.</doc>
<msg timestamp="20221227 13:33:50.637" level="INFO">${existslabelSIZEselected} = False</msg>
<status status="PASS" starttime="20221227 13:33:50.637" endtime="20221227 13:33:50.637"/>
</kw>
<continue>
<status status="PASS" starttime="20221227 13:33:50.637" endtime="20221227 13:33:50.637"/>
</continue>
<status status="PASS" starttime="20221227 13:33:50.326" endtime="20221227 13:33:50.638"/>
</branch>
<status status="PASS" starttime="20221227 13:33:50.326" endtime="20221227 13:33:50.638"/>
</if>
<break>
<status status="NOT RUN" starttime="20221227 13:33:50.638" endtime="20221227 13:33:50.638"/>
</break>
<status status="PASS" starttime="20221227 13:33:45.071" endtime="20221227 13:33:50.638"/>
</iter>
<iter>
<kw name="Exists" library="SikuliLibrary">
<var>${existstagWeightKG}</var>
<arg>tagWeightKG</arg>
<arg>${wait5}</arg>
<doc>Exists</doc>
<msg timestamp="20221227 13:33:55.640" level="INFO">[error] ImagePath: find: not there: tagWeightKG.png</msg>
<msg timestamp="20221227 13:33:55.641" level="INFO">${existstagWeightKG} = False</msg>
<status status="PASS" starttime="20221227 13:33:50.638" endtime="20221227 13:33:55.641"/>
</kw>
<if>
<branch type="IF" condition="${existstagWeightKG}==True">
<kw name="Click" library="SikuliLibrary">
<arg>Cart</arg>
<arg>${wegthX}</arg>
<arg>${wegthY}</arg>
<doc>Click</doc>
<status status="NOT RUN" starttime="20221227 13:33:55.641" endtime="20221227 13:33:55.641"/>
</kw>
<kw name="Set Variable" library="BuiltIn">
<var>${existstagWeightKG}</var>
<arg>False</arg>
<doc>Returns the given values which can then be assigned to a variables.</doc>
<status status="NOT RUN" starttime="20221227 13:33:55.641" endtime="20221227 13:33:55.641"/>
</kw>
<continue>
<status status="NOT RUN" starttime="20221227 13:33:55.641" endtime="20221227 13:33:55.641"/>
</continue>
<status status="NOT RUN" starttime="20221227 13:33:55.641" endtime="20221227 13:33:55.641"/>
</branch>
<status status="PASS" starttime="20221227 13:33:55.641" endtime="20221227 13:33:55.641"/>
</if>
<kw name="Exists" library="SikuliLibrary">
<var>${existslabelSIZEselected}</var>
<arg>labelSIZEselected</arg>
<arg>${wait5}</arg>
<doc>Exists</doc>
<msg timestamp="20221227 13:34:00.659" level="INFO">${existslabelSIZEselected} = False</msg>
<status status="PASS" starttime="20221227 13:33:55.641" endtime="20221227 13:34:00.659"/>
</kw>
<if>
<branch type="IF" condition="${existslabelSIZEselected}==True">
<kw name="Click" library="SikuliLibrary">
<arg>Cart</arg>
<arg>${completedX}</arg>
<arg>${completedY}</arg>
<doc>Click</doc>
<status status="NOT RUN" starttime="20221227 13:34:00.659" endtime="20221227 13:34:00.659"/>
</kw>
<kw name="Set Variable" library="BuiltIn">
<var>${existslabelSIZEselected}</var>
<arg>False</arg>
<doc>Returns the given values which can then be assigned to a variables.</doc>
<status status="NOT RUN" starttime="20221227 13:34:00.659" endtime="20221227 13:34:00.659"/>
</kw>
<continue>
<status status="NOT RUN" starttime="20221227 13:34:00.659" endtime="20221227 13:34:00.659"/>
</continue>
<status status="NOT RUN" starttime="20221227 13:34:00.659" endtime="20221227 13:34:00.659"/>
</branch>
<status status="PASS" starttime="20221227 13:34:00.659" endtime="20221227 13:34:00.659"/>
</if>
<break>
<status status="PASS" starttime="20221227 13:34:00.659" endtime="20221227 13:34:00.659"/>
</break>
<status status="PASS" starttime="20221227 13:33:50.638" endtime="20221227 13:34:00.659"/>
</iter>
<status status="PASS" starttime="20221227 13:24:42.610" endtime="20221227 13:34:00.659"/>
</while>
<kw name="Click" library="SikuliLibrary">
<arg>buttonBack</arg>
<doc>Click</doc>
<msg timestamp="20221227 13:34:03.990" level="INFO" html="true">&lt;img src='sikuli_captured/sikuliximage-1672176843721.png'/&gt;</msg>
<msg timestamp="20221227 13:34:03.991" level="FAIL">com.github.rainmanwy.robotframework.sikulilib.exceptions.TimeoutException: Timeout happened, could not find P(buttonBack.png) S: 0.6</msg>
<status status="FAIL" starttime="20221227 13:34:00.659" endtime="20221227 13:34:03.991"/>
</kw>
<status status="FAIL" starttime="20221227 13:24:42.610" endtime="20221227 13:34:03.992"/>
</kw>
<kw name="closeWA" type="TEARDOWN">
<kw name="Log" library="BuiltIn">
<arg>CloseWA</arg>
<doc>Logs the given message with the given level.</doc>
<msg timestamp="20221227 13:34:03.994" level="INFO">CloseWA</msg>
<status status="PASS" starttime="20221227 13:34:03.994" endtime="20221227 13:34:03.994"/>
</kw>
<kw name="Sleep" library="BuiltIn">
<arg>${wait5}</arg>
<doc>Pauses the test executed for the given time.</doc>
<msg timestamp="20221227 13:34:08.998" level="INFO">Slept 5 seconds</msg>
<status status="PASS" starttime="20221227 13:34:03.994" endtime="20221227 13:34:08.998"/>
</kw>
<kw name="Wait For Image" library="SikuliLibrary">
<arg>buttonSwitchDriverRoute</arg>
<arg>\</arg>
<arg>${wait15}</arg>
<doc>Wait For Image</doc>
<status status="PASS" starttime="20221227 13:34:08.998" endtime="20221227 13:34:09.273"/>
</kw>
<kw name="Click" library="SikuliLibrary">
<arg>buttonSwitchDriverRoute</arg>
<doc>Click</doc>
<msg timestamp="20221227 13:34:10.401" level="INFO" html="true">&lt;img src='sikuli_captured/sikuliximage-1672176849582.png'/&gt;
[log] CLICK on L[1056,789]@S(0) (536 msec)</msg>
<status status="PASS" starttime="20221227 13:34:09.273" endtime="20221227 13:34:10.401"/>
</kw>
<kw name="Log" library="BuiltIn">
<arg>buttonSwitchDriverRoute</arg>
<doc>Logs the given message with the given level.</doc>
<msg timestamp="20221227 13:34:10.401" level="INFO">buttonSwitchDriverRoute</msg>
<status status="PASS" starttime="20221227 13:34:10.401" endtime="20221227 13:34:10.401"/>
</kw>
<kw name="Wait For Image" library="SikuliLibrary">
<arg>buttonSwRouteDriver</arg>
<arg>\</arg>
<arg>${wait15}</arg>
<doc>Wait For Image</doc>
<msg timestamp="20221227 13:34:25.842" level="INFO" html="true">&lt;img src='sikuli_captured/sikuliximage-1672176865584.png'/&gt;</msg>
<msg timestamp="20221227 13:34:25.842" level="FAIL">com.github.rainmanwy.robotframework.sikulilib.exceptions.TimeoutException: Could not find buttonSwRouteDriver</msg>
<status status="FAIL" starttime="20221227 13:34:10.401" endtime="20221227 13:34:25.842"/>
</kw>
<kw name="Click" library="SikuliLibrary">
<arg>buttonSwRouteDriver</arg>
<doc>Click</doc>
<msg timestamp="20221227 13:34:29.177" level="INFO" html="true">&lt;img src='sikuli_captured/sikuliximage-1672176868907.png'/&gt;</msg>
<msg timestamp="20221227 13:34:29.177" level="FAIL">com.github.rainmanwy.robotframework.sikulilib.exceptions.TimeoutException: Timeout happened, could not find P(buttonSwRouteDriver.png) S: 0.6</msg>
<status status="FAIL" starttime="20221227 13:34:25.842" endtime="20221227 13:34:29.177"/>
</kw>
<kw name="Wait For Image" library="SikuliLibrary">
<arg>buttonSwitchDriver</arg>
<arg>\</arg>
<arg>${wait15}</arg>
<doc>Wait For Image</doc>
<msg timestamp="20221227 13:34:44.585" level="INFO" html="true">&lt;img src='sikuli_captured/sikuliximage-1672176884319.png'/&gt;</msg>
<msg timestamp="20221227 13:34:44.585" level="FAIL">com.github.rainmanwy.robotframework.sikulilib.exceptions.TimeoutException: Could not find buttonSwitchDriver</msg>
<status status="FAIL" starttime="20221227 13:34:29.178" endtime="20221227 13:34:44.585"/>
</kw>
<kw name="Click" library="SikuliLibrary">
<arg>buttonSwitchDriver</arg>
<doc>Click</doc>
<msg timestamp="20221227 13:34:47.919" level="INFO" html="true">&lt;img src='sikuli_captured/sikuliximage-1672176887651.png'/&gt;</msg>
<msg timestamp="20221227 13:34:47.919" level="FAIL">com.github.rainmanwy.robotframework.sikulilib.exceptions.TimeoutException: Timeout happened, could not find P(buttonSwitchDriver.png) S: 0.6</msg>
<status status="FAIL" starttime="20221227 13:34:44.585" endtime="20221227 13:34:47.919"/>
</kw>
<kw name="Wait For Image" library="SikuliLibrary">
<arg>buttonDesktop</arg>
<arg>\</arg>
<arg>${wait15}</arg>
<doc>Wait For Image</doc>
<msg timestamp="20221227 13:35:03.882" level="INFO" html="true">&lt;img src='sikuli_captured/sikuliximage-1672176903617.png'/&gt;</msg>
<msg timestamp="20221227 13:35:03.882" level="FAIL">com.github.rainmanwy.robotframework.sikulilib.exceptions.TimeoutException: Could not find buttonDesktop</msg>
<status status="FAIL" starttime="20221227 13:34:47.919" endtime="20221227 13:35:03.883"/>
</kw>
<kw name="Click" library="SikuliLibrary">
<arg>buttonDesktop</arg>
<doc>Click</doc>
<msg timestamp="20221227 13:35:07.225" level="INFO" html="true">&lt;img src='sikuli_captured/sikuliximage-1672176906966.png'/&gt;</msg>
<msg timestamp="20221227 13:35:07.225" level="FAIL">com.github.rainmanwy.robotframework.sikulilib.exceptions.TimeoutException: Timeout happened, could not find P(buttonDesktop.png) S: 0.6</msg>
<status status="FAIL" starttime="20221227 13:35:03.883" endtime="20221227 13:35:07.225"/>
</kw>
<kw name="Wait For Image" library="SikuliLibrary">
<arg>buttonBlueYes</arg>
<arg>\</arg>
<arg>${wait15}</arg>
<doc>Wait For Image</doc>
<msg timestamp="20221227 13:35:23.099" level="INFO" html="true">&lt;img src='sikuli_captured/sikuliximage-1672176922834.png'/&gt;</msg>
<msg timestamp="20221227 13:35:23.099" level="FAIL">com.github.rainmanwy.robotframework.sikulilib.exceptions.TimeoutException: Could not find buttonBlueYes</msg>
<status status="FAIL" starttime="20221227 13:35:07.225" endtime="20221227 13:35:23.099"/>
</kw>
<kw name="Click" library="SikuliLibrary">
<arg>buttonBlueYes</arg>
<doc>Click</doc>
<msg timestamp="20221227 13:35:26.437" level="INFO" html="true">&lt;img src='sikuli_captured/sikuliximage-1672176926166.png'/&gt;</msg>
<msg timestamp="20221227 13:35:26.437" level="FAIL">com.github.rainmanwy.robotframework.sikulilib.exceptions.TimeoutException: Timeout happened, could not find P(buttonBlueYes.png) S: 0.6</msg>
<status status="FAIL" starttime="20221227 13:35:23.100" endtime="20221227 13:35:26.437"/>
</kw>
<kw name="Wait For Image" library="SikuliLibrary">
<arg>shortcutCloseWA10</arg>
<arg>\</arg>
<arg>${wait15}</arg>
<doc>Wait For Image</doc>
<msg timestamp="20221227 13:35:42.553" level="INFO" html="true">&lt;img src='sikuli_captured/sikuliximage-1672176942244.png'/&gt;</msg>
<msg timestamp="20221227 13:35:42.553" level="FAIL">com.github.rainmanwy.robotframework.sikulilib.exceptions.TimeoutException: Could not find shortcutCloseWA10</msg>
<status status="FAIL" starttime="20221227 13:35:26.437" endtime="20221227 13:35:42.554"/>
</kw>
<kw name="Double Click" library="SikuliLibrary">
<arg>shortcutCloseWA10</arg>
<doc>Double click</doc>
<msg timestamp="20221227 13:35:45.979" level="INFO" html="true">&lt;img src='sikuli_captured/sikuliximage-1672176945634.png'/&gt;</msg>
<msg timestamp="20221227 13:35:45.980" level="FAIL">com.github.rainmanwy.robotframework.sikulilib.exceptions.TimeoutException: Timeout happened, could not find P(shortcutCloseWA10.png) S: 0.6</msg>
<status status="FAIL" starttime="20221227 13:35:42.554" endtime="20221227 13:35:45.980"/>
</kw>
<status status="FAIL" starttime="20221227 13:34:03.993" endtime="20221227 13:35:45.980">Several failures occurred:

1) com.github.rainmanwy.robotframework.sikulilib.exceptions.TimeoutException: Could not find buttonSwRouteDriver

2) com.github.rainmanwy.robotframework.sikulilib.exceptions.TimeoutException: Timeout happened, could not find P(buttonSwRouteDriver.png) S: 0.6

3) com.github.rainmanwy.robotframework.sikulilib.exceptions.TimeoutException: Could not find buttonSwitchDriver

4) com.github.rainmanwy.robotframework.sikulilib.exceptions.TimeoutException: Timeout happened, could not find P(buttonSwitchDriver.png) S: 0.6

5) com.github.rainmanwy.robotframework.sikulilib.exceptions.TimeoutException: Could not find buttonDesktop

6) com.github.rainmanwy.robotframework.sikulilib.exceptions.TimeoutException: Timeout happened, could not find P(buttonDesktop.png) S: 0.6

7) com.github.rainmanwy.robotframework.sikulilib.exceptions.TimeoutException: Could not find buttonBlueYes

8) com.github.rainmanwy.robotframework.sikulilib.exceptions.TimeoutException: Timeout happened, could not find P(buttonBlueYes.png) S: 0.6

9) com.github.rainmanwy.robotframework.sikulilib.exceptions.TimeoutException: Could not find shortcutCloseWA10

10) com.github.rainmanwy.robotframework.sikulilib.exceptions.TimeoutException: Timeout happened, could not find P(shortcutCloseWA10.png) S: 0.6</status>
</kw>
<status status="FAIL" starttime="20221227 13:23:43.580" endtime="20221227 13:35:45.981">com.github.rainmanwy.robotframework.sikulilib.exceptions.TimeoutException: Timeout happened, could not find P(buttonBack.png) S: 0.6

Also teardown failed:
Several failures occurred:

1) com.github.rainmanwy.robotframework.sikulilib.exceptions.TimeoutException: Could not find buttonSwRouteDriver

2) com.github.rainmanwy.robotframework.sikulilib.exceptions.TimeoutException: Timeout happened, could not find P(buttonSwRouteDriver.png) S: 0.6

3) com.github.rainmanwy.robotframework.sikulilib.exceptions.TimeoutException: Could not find buttonSwitchDriver

4) com.github.rainmanwy.robotframework.sikulilib.exceptions.TimeoutException: Timeout happened, could not find P(buttonSwitchDriver.png) S: 0.6

5) com.github.rainmanwy.robotframework.sikulilib.exceptions.TimeoutException: Could not find buttonDesktop

6) com.github.rainmanwy.robotframework.sikulilib.exceptions.TimeoutException: Timeout happened, could not find P(buttonDesktop.png) S: 0.6

7) com.github.rainmanwy.robotframework.sikulilib.exceptions.TimeoutException: Could not find buttonBlueYes

8) com.github.rainmanwy.robotframework.sikulilib.exceptions.TimeoutException: Timeout happened, could not find P(buttonBlueYes.png) S: 0.6

9) com.github.rainmanwy.robotframework.sikulilib.exceptions.TimeoutException: Could not find shortcutCloseWA10

10) com.github.rainmanwy.robotframework.sikulilib.exceptions.TimeoutException: Timeout happened, could not find P(shortcutCloseWA10.png) S: 0.6</status>
</test>
<doc>Read Message</doc>
<status status="FAIL" starttime="20221227 13:23:40.271" endtime="20221227 13:35:45.983"/>
</suite>
<statistics>
<total>
<stat pass="0" fail="1" skip="0">All Tests</stat>
</total>
<tag>
</tag>
<suite>
<stat pass="0" fail="1" skip="0" id="s1" name="WasteApp">WasteApp</stat>
</suite>
</statistics>
<errors>
</errors>
</robot>
